#
# There is insufficient memory for the Java Runtime Environment to continue.
# Native memory allocation (malloc) failed to allocate 158656 bytes for Chunk::new
# Possible reasons:
#   The system is out of physical RAM or swap space
#   The process is running with CompressedOops enabled, and the Java Heap may be blocking the growth of the native heap
# Possible solutions:
#   Reduce memory load on the system
#   Increase physical memory or swap space
#   Check if swap backing store is full
#   Decrease Java heap size (-Xmx/-Xms)
#   Decrease number of Java threads
#   Decrease Java thread stack sizes (-Xss)
#   Set larger code cache with -XX:ReservedCodeCacheSize=
#   JVM is running with Zero Based Compressed Oops mode in which the Java heap is
#     placed in the first 32GB address space. The Java Heap base address is the
#     maximum limit for the native heap growth. Please use -XX:HeapBaseMinAddress
#     to set the Java Heap base and to place the Java Heap above 32GB virtual address.
# This output file may be truncated or incomplete.
#
#  Out of Memory Error (arena.cpp:168), pid=17804, tid=14368
#
# JRE version: Java(TM) SE Runtime Environment (21.0.1+12) (build 21.0.1+12-LTS-29)
# Java VM: Java HotSpot(TM) 64-Bit Server VM (21.0.1+12-LTS-29, mixed mode, sharing, tiered, compressed oops, compressed class ptrs, g1 gc, windows-amd64)
# No core dump will be written. Minidumps are not enabled by default on client versions of Windows
#

---------------  S U M M A R Y ------------

Command Line: --add-opens=java.base/java.util=ALL-UNNAMED --add-opens=java.base/java.lang=ALL-UNNAMED --add-opens=java.base/java.lang.invoke=ALL-UNNAMED --add-opens=java.prefs/java.util.prefs=ALL-UNNAMED --add-opens=java.base/java.nio.charset=ALL-UNNAMED --add-opens=java.base/java.net=ALL-UNNAMED --add-opens=java.base/java.util.concurrent.atomic=ALL-UNNAMED -Xmx4G -Dfile.encoding=utf8 -Duser.country=US -Duser.language=en -Duser.variant -javaagent:C:\Users\88013\.gradle\wrapper\dists\gradle-8.1.1-bin\9wiye5v2saajue4irfo8ybqfp\gradle-8.1.1\lib\agents\gradle-instrumentation-agent-8.1.1.jar org.gradle.launcher.daemon.bootstrap.GradleDaemon 8.1.1

Host: AMD Ryzen 3 3250U with Radeon Graphics         , 4 cores, 5G,  Windows 11 , 64 bit Build 22000 (10.0.22000.708)
Time: Tue Jun 25 07:32:54 2024 Bangladesh Standard Time elapsed time: 3712.521206 seconds (0d 1h 1m 52s)

---------------  T H R E A D  ---------------

Current thread (0x000001b9f2153420):  JavaThread "C2 CompilerThread0" daemon [_thread_in_native, id=14368, stack(0x0000003a41100000,0x0000003a41200000) (1024K)]


Current CompileTask:
C2:3712521 11015       4       java.io.OutputStream::write (34 bytes)

Stack: [0x0000003a41100000,0x0000003a41200000]
Native frames: (J=compiled Java code, j=interpreted, Vv=VM code, C=native code)
V  [jvm.dll+0x6c9029]
V  [jvm.dll+0x854b81]
V  [jvm.dll+0x856e5e]
V  [jvm.dll+0x857543]
V  [jvm.dll+0x280c06]
V  [jvm.dll+0xc3ead]
V  [jvm.dll+0xc43c3]
V  [jvm.dll+0x2f3f3f]
V  [jvm.dll+0x5f40a6]
V  [jvm.dll+0x252bef]
V  [jvm.dll+0x24b031]
V  [jvm.dll+0x248fa3]
V  [jvm.dll+0x1c9ca1]
V  [jvm.dll+0x2586b9]
V  [jvm.dll+0x256c9a]
V  [jvm.dll+0x3ef1b6]
V  [jvm.dll+0x7fd728]
V  [jvm.dll+0x6c777d]
C  [ucrtbase.dll+0x26c0c]
C  [KERNEL32.DLL+0x154e0]
C  [ntdll.dll+0x485b]


---------------  P R O C E S S  ---------------

Threads class SMR info:
_java_thread_list=0x000001b9fab367a0, length=58, elements={
0x000001b990562ce0, 0x000001b9f214ba10, 0x000001b9f214c9e0, 0x000001b9f2150770,
0x000001b9f21511d0, 0x000001b9f2151c30, 0x000001b9f2152690, 0x000001b9f2153420,
0x000001b9f2183710, 0x000001b9f21fe8c0, 0x000001b9f24077e0, 0x000001b9f2bbf370,
0x000001b9f78bc080, 0x000001b9f7799a70, 0x000001b9f22dc140, 0x000001b9f22db420,
0x000001b9f22dbab0, 0x000001b9f22dd4f0, 0x000001b9f22de8a0, 0x000001b9f939e360,
0x000001b9f93a2b90, 0x000001b9f93a17e0, 0x000001b9f939cfb0, 0x000001b9f93a3220,
0x000001b9f93a3f40, 0x000001b9f93a0ac0, 0x000001b9fa1cbc90, 0x000001b9f9cb4b10,
0x000001b9f9cb02e0, 0x000001b9f9cb1690, 0x000001b9f9cafc50, 0x000001b9f9cb1d20,
0x000001b9f9cb30d0, 0x000001b9f9cb4480, 0x000001b9f9cb3760, 0x000001b9f9cb3df0,
0x000001b9f9cb51a0, 0x000001b9f9cb2a40, 0x000001b9f9caef30, 0x000001b9f9cae8a0,
0x000001b9f9cb0970, 0x000001b9f9cae210, 0x000001b9f9caf5c0, 0x000001b9f9cb23b0,
0x000001b9f9cb1000, 0x000001b9fa1c7460, 0x000001b9fa1caf70, 0x000001b9fa1cdd60,
0x000001b9fa1ca250, 0x000001b9fa1cea80, 0x000001b9fa1c8180, 0x000001b9fa1c8810,
0x000001b9fa1cc9b0, 0x000001b9fa1c8ea0, 0x000001b9fa1cb600, 0x000001b9fa1c9bc0,
0x000001b9fa1ce3f0, 0x000001b9f93a1150
}

Java Threads: ( => current thread )
  0x000001b990562ce0 JavaThread "main"                              [_thread_blocked, id=23236, stack(0x0000003a40300000,0x0000003a40400000) (1024K)]
  0x000001b9f214ba10 JavaThread "Reference Handler"          daemon [_thread_blocked, id=13340, stack(0x0000003a40b00000,0x0000003a40c00000) (1024K)]
  0x000001b9f214c9e0 JavaThread "Finalizer"                  daemon [_thread_blocked, id=17096, stack(0x0000003a40c00000,0x0000003a40d00000) (1024K)]
  0x000001b9f2150770 JavaThread "Signal Dispatcher"          daemon [_thread_blocked, id=2040, stack(0x0000003a40d00000,0x0000003a40e00000) (1024K)]
  0x000001b9f21511d0 JavaThread "Attach Listener"            daemon [_thread_blocked, id=19164, stack(0x0000003a40e00000,0x0000003a40f00000) (1024K)]
  0x000001b9f2151c30 JavaThread "Service Thread"             daemon [_thread_blocked, id=13524, stack(0x0000003a40f00000,0x0000003a41000000) (1024K)]
  0x000001b9f2152690 JavaThread "Monitor Deflation Thread"   daemon [_thread_blocked, id=2552, stack(0x0000003a41000000,0x0000003a41100000) (1024K)]
=>0x000001b9f2153420 JavaThread "C2 CompilerThread0"         daemon [_thread_in_native, id=14368, stack(0x0000003a41100000,0x0000003a41200000) (1024K)]
  0x000001b9f2183710 JavaThread "C1 CompilerThread0"         daemon [_thread_in_native, id=4176, stack(0x0000003a41200000,0x0000003a41300000) (1024K)]
  0x000001b9f21fe8c0 JavaThread "Common-Cleaner"             daemon [_thread_blocked, id=12340, stack(0x0000003a41300000,0x0000003a41400000) (1024K)]
  0x000001b9f24077e0 JavaThread "Notification Thread"        daemon [_thread_blocked, id=15456, stack(0x0000003a41400000,0x0000003a41500000) (1024K)]
  0x000001b9f2bbf370 JavaThread "Daemon health stats"               [_thread_blocked, id=10096, stack(0x0000003a41800000,0x0000003a41900000) (1024K)]
  0x000001b9f78bc080 JavaThread "Incoming local TCP Connector on port 58805"        [_thread_in_native, id=19916, stack(0x0000003a41900000,0x0000003a41a00000) (1024K)]
  0x000001b9f7799a70 JavaThread "Daemon periodic checks"            [_thread_blocked, id=22424, stack(0x0000003a41a00000,0x0000003a41b00000) (1024K)]
  0x000001b9f22dc140 JavaThread "Cache worker for journal cache (C:\Users\88013\.gradle\caches\journal-1)"        [_thread_blocked, id=22264, stack(0x0000003a42200000,0x0000003a42300000) (1024K)]
  0x000001b9f22db420 JavaThread "File lock request listener"        [_thread_in_native, id=19320, stack(0x0000003a42300000,0x0000003a42400000) (1024K)]
  0x000001b9f22dbab0 JavaThread "Cache worker for file hash cache (C:\Users\88013\.gradle\caches\8.1.1\fileHashes)"        [_thread_blocked, id=17380, stack(0x0000003a42400000,0x0000003a42500000) (1024K)]
  0x000001b9f22dd4f0 JavaThread "File watcher server"        daemon [_thread_in_native, id=20068, stack(0x0000003a42500000,0x0000003a42600000) (1024K)]
  0x000001b9f22de8a0 JavaThread "File watcher consumer"      daemon [_thread_blocked, id=13960, stack(0x0000003a42600000,0x0000003a42700000) (1024K)]
  0x000001b9f939e360 JavaThread "jar transforms"                    [_thread_blocked, id=20840, stack(0x0000003a42700000,0x0000003a42800000) (1024K)]
  0x000001b9f93a2b90 JavaThread "jar transforms Thread 2"           [_thread_blocked, id=21492, stack(0x0000003a42800000,0x0000003a42900000) (1024K)]
  0x000001b9f93a17e0 JavaThread "jar transforms Thread 3"           [_thread_blocked, id=17976, stack(0x0000003a42900000,0x0000003a42a00000) (1024K)]
  0x000001b9f939cfb0 JavaThread "Cache worker for file content cache (C:\Users\88013\.gradle\caches\8.1.1\fileContent)"        [_thread_blocked, id=12192, stack(0x0000003a42c00000,0x0000003a42d00000) (1024K)]
  0x000001b9f93a3220 JavaThread "Cache worker for execution history cache (C:\Users\88013\.gradle\caches\8.1.1\executionHistory)"        [_thread_blocked, id=10860, stack(0x0000003a40100000,0x0000003a40200000) (1024K)]
  0x000001b9f93a3f40 JavaThread "jar transforms Thread 4"           [_thread_blocked, id=12808, stack(0x0000003a42f00000,0x0000003a43000000) (1024K)]
  0x000001b9f93a0ac0 JavaThread "Cache worker for kotlin-dsl (C:\Users\88013\.gradle\caches\8.1.1\kotlin-dsl)"        [_thread_blocked, id=18640, stack(0x0000003a43000000,0x0000003a43100000) (1024K)]
  0x000001b9fa1cbc90 JavaThread "Memory manager"                    [_thread_blocked, id=6752, stack(0x0000003a43300000,0x0000003a43400000) (1024K)]
  0x000001b9f9cb4b10 JavaThread "Daemon Thread 3"                   [_thread_blocked, id=12860, stack(0x0000003a40000000,0x0000003a40100000) (1024K)]
  0x000001b9f9cb02e0 JavaThread "Handler for socket connection from /127.0.0.1:58805 to /127.0.0.1:61022"        [_thread_in_native, id=19184, stack(0x0000003a40200000,0x0000003a40300000) (1024K)]
  0x000001b9f9cb1690 JavaThread "Cancel handler"                    [_thread_blocked, id=19056, stack(0x0000003a41b00000,0x0000003a41c00000) (1024K)]
  0x000001b9f9cafc50 JavaThread "Daemon worker Thread 3"            [_thread_blocked, id=17836, stack(0x0000003a41c00000,0x0000003a41d00000) (1024K)]
  0x000001b9f9cb1d20 JavaThread "Asynchronous log dispatcher for DefaultDaemonConnection: socket connection from /127.0.0.1:58805 to /127.0.0.1:61022"        [_thread_blocked, id=18012, stack(0x0000003a41d00000,0x0000003a41e00000) (1024K)]
  0x000001b9f9cb30d0 JavaThread "Stdin handler"                     [_thread_blocked, id=16036, stack(0x0000003a41e00000,0x0000003a41f00000) (1024K)]
  0x000001b9f9cb4480 JavaThread "Daemon client event forwarder"        [_thread_blocked, id=23272, stack(0x0000003a41f00000,0x0000003a42000000) (1024K)]
  0x000001b9f9cb3760 JavaThread "Cache worker for checksums cache (C:\Users\88013\StudioProjects\intra_media\android\.gradle\8.1.1\checksums)"        [_thread_blocked, id=14420, stack(0x0000003a42000000,0x0000003a42100000) (1024K)]
  0x000001b9f9cb3df0 JavaThread "Cache worker for cache directory md-rule (C:\Users\88013\.gradle\caches\8.1.1\md-rule)"        [_thread_blocked, id=21240, stack(0x0000003a42100000,0x0000003a42200000) (1024K)]
  0x000001b9f9cb51a0 JavaThread "Cache worker for file hash cache (C:\Users\88013\StudioProjects\intra_media\android\.gradle\8.1.1\fileHashes)"        [_thread_blocked, id=11072, stack(0x0000003a42a00000,0x0000003a42b00000) (1024K)]
  0x000001b9f9cb2a40 JavaThread "Cache worker for cache directory md-supplier (C:\Users\88013\.gradle\caches\8.1.1\md-supplier)"        [_thread_blocked, id=9244, stack(0x0000003a42b00000,0x0000003a42c00000) (1024K)]
  0x000001b9f9caef30 JavaThread "Cache worker for dependencies-accessors (C:\Users\88013\StudioProjects\intra_media\android\.gradle\8.1.1\dependencies-accessors)"        [_thread_blocked, id=18488, stack(0x0000003a42d00000,0x0000003a42e00000) (1024K)]
  0x000001b9f9cae8a0 JavaThread "Cache worker for Build Output Cleanup Cache (C:\flutter_windows_3.19.3-stable\flutter\packages\flutter_tools\gradle\.gradle\buildOutputCleanup)"        [_thread_blocked, id=21916, stack(0x0000003a42e00000,0x0000003a42f00000) (1024K)]
  0x000001b9f9cb0970 JavaThread "included builds"                   [_thread_blocked, id=22648, stack(0x0000003a43100000,0x0000003a43200000) (1024K)]
  0x000001b9f9cae210 JavaThread "Execution worker"                  [_thread_blocked, id=19788, stack(0x0000003a43200000,0x0000003a43300000) (1024K)]
  0x000001b9f9caf5c0 JavaThread "Execution worker Thread 2"         [_thread_blocked, id=22508, stack(0x0000003a43400000,0x0000003a43500000) (1024K)]
  0x000001b9f9cb23b0 JavaThread "Execution worker Thread 3"         [_thread_blocked, id=16060, stack(0x0000003a43500000,0x0000003a43600000) (1024K)]
  0x000001b9f9cb1000 JavaThread "Cache worker for execution history cache (C:\flutter_windows_3.19.3-stable\flutter\packages\flutter_tools\gradle\.gradle\8.1.1\executionHistory)"        [_thread_blocked, id=6944, stack(0x0000003a43600000,0x0000003a43700000) (1024K)]
  0x000001b9fa1c7460 JavaThread "Unconstrained build operations"        [_thread_blocked, id=21884, stack(0x0000003a43700000,0x0000003a43800000) (1024K)]
  0x000001b9fa1caf70 JavaThread "Unconstrained build operations Thread 2"        [_thread_blocked, id=4344, stack(0x0000003a43800000,0x0000003a43900000) (1024K)]
  0x000001b9fa1cdd60 JavaThread "Unconstrained build operations Thread 3"        [_thread_blocked, id=7056, stack(0x0000003a43900000,0x0000003a43a00000) (1024K)]
  0x000001b9fa1ca250 JavaThread "Incoming local TCP Connector on port 61025"        [_thread_blocked, id=7052, stack(0x0000003a43a00000,0x0000003a43b00000) (1024K)]
  0x000001b9fa1cea80 JavaThread "Exec process Thread 10"            [_thread_blocked, id=18948, stack(0x0000003a43b00000,0x0000003a43c00000) (1024K)]
  0x000001b9fa1c8180 JavaThread "Exec process Thread 11"            [_thread_blocked, id=21152, stack(0x0000003a43d00000,0x0000003a43e00000) (1024K)]
  0x000001b9fa1c8810 JavaThread "Exec process Thread 12"            [_thread_blocked, id=1892, stack(0x0000003a43e00000,0x0000003a43f00000) (1024K)]
  0x000001b9fa1cc9b0 JavaThread "Exec process Thread 13"            [_thread_blocked, id=11064, stack(0x0000003a43f00000,0x0000003a44000000) (1024K)]
  0x000001b9fa1c8ea0 Thread "Unknown thread"                        [id=11436, stack(0x0000003a43c00000,0x0000003a43d00000) (1024K)]
  0x000001b9fa1cb600 Thread "Unknown thread"                        [id=3840, stack(0x0000003a44000000,0x0000003a44100000) (1024K)]
  0x000001b9fa1c9bc0 Thread "Unknown thread"                        [id=12824, stack(0x0000003a44100000,0x0000003a44200000) (1024K)]
  0x000001b9fa1ce3f0 Thread "Unknown thread"                        [id=17872, stack(0x0000003a44200000,0x0000003a44300000) (1024K)]
  0x000001b9f93a1150 Thread "Unknown thread"                        [id=9668, stack(0x0000003a44300000,0x0000003a44400000) (1024K)]
Total: 58

Other Threads:
  0x000001b9f212bb10 VMThread "VM Thread"                           [id=13012, stack(0x0000003a40a00000,0x0000003a40b00000) (1024K)]
  0x000001b992828240 WatcherThread "VM Periodic Task Thread"        [id=15628, stack(0x0000003a40900000,0x0000003a40a00000) (1024K)]
  0x000001b9927c46d0 WorkerThread "GC Thread#0"                     [id=19660, stack(0x0000003a40400000,0x0000003a40500000) (1024K)]
  0x000001b9f26574d0 WorkerThread "GC Thread#1"                     [id=14568, stack(0x0000003a41500000,0x0000003a41600000) (1024K)]
  0x000001b9f2657870 WorkerThread "GC Thread#2"                     [id=16280, stack(0x0000003a41600000,0x0000003a41700000) (1024K)]
  0x000001b9f2bec640 WorkerThread "GC Thread#3"                     [id=15492, stack(0x0000003a41700000,0x0000003a41800000) (1024K)]
  0x000001b9927d56b0 ConcurrentGCThread "G1 Main Marker"            [id=18964, stack(0x0000003a40500000,0x0000003a40600000) (1024K)]
  0x000001b9927d61b0 WorkerThread "G1 Conc#0"                       [id=22844, stack(0x0000003a40600000,0x0000003a40700000) (1024K)]
  0x000001b99281bb40 ConcurrentGCThread "G1 Refine#0"               [id=20276, stack(0x0000003a40700000,0x0000003a40800000) (1024K)]
  0x000001b99281c6b0 ConcurrentGCThread "G1 Service"                [id=8676, stack(0x0000003a40800000,0x0000003a40900000) (1024K)]
Total: 10

Threads with active compile tasks:
C2 CompilerThread0  3712653 11015       4       java.io.OutputStream::write (34 bytes)
Total: 1

VM state: not at safepoint (normal execution)

VM Mutex/Monitor currently owned by a thread: None

Heap address: 0x0000000700000000, size: 4096 MB, Compressed Oops mode: Zero based, Oop shift amount: 3

CDS archive(s) mapped at: [0x000001b9b1000000-0x000001b9b1c90000-0x000001b9b1c90000), size 13172736, SharedBaseAddress: 0x000001b9b1000000, ArchiveRelocationMode: 1.
Compressed class space mapped at: 0x000001b9b2000000-0x000001b9f2000000, reserved size: 1073741824
Narrow klass base: 0x000001b9b1000000, Narrow klass shift: 0, Narrow klass range: 0x100000000

GC Precious Log:
 CardTable entry size: 512
 Card Set container configuration: InlinePtr #cards 4 size 8 Array Of Cards #cards 16 size 48 Howl #buckets 8 coarsen threshold 3686 Howl Bitmap #cards 512 size 80 coarsen threshold 460 Card regions per heap region 1 cards per card region 4096
 CPUs: 4 total, 4 available
 Memory: 6030M
 Large Page Support: Disabled
 NUMA Support: Disabled
 Compressed Oops: Enabled (Zero based)
 Heap Region Size: 2M
 Heap Min Capacity: 8M
 Heap Initial Capacity: 96M
 Heap Max Capacity: 4G
 Pre-touch: Disabled
 Parallel Workers: 4
 Concurrent Workers: 1
 Concurrent Refinement Workers: 4
 Periodic GC: Disabled

Heap:
 garbage-first heap   total 102400K, used 78880K [0x0000000700000000, 0x0000000800000000)
  region size 2048K, 15 young (30720K), 1 survivors (2048K)
 Metaspace       used 67205K, committed 69312K, reserved 1114112K
  class space    used 9525K, committed 10624K, reserved 1048576K

Heap Regions: E=young(eden), S=young(survivor), O=old, HS=humongous(starts), HC=humongous(continues), CS=collection set, F=free, TAMS=top-at-mark-start, PB=parsable bottom
|   0|0x0000000700000000, 0x0000000700200000, 0x0000000700200000|100%| O|  |TAMS 0x0000000700000000| PB 0x0000000700000000| Untracked 
|   1|0x0000000700200000, 0x0000000700400000, 0x0000000700400000|100%|HS|  |TAMS 0x0000000700200000| PB 0x0000000700200000| Complete 
|   2|0x0000000700400000, 0x0000000700600000, 0x0000000700600000|100%|HC|  |TAMS 0x0000000700400000| PB 0x0000000700400000| Complete 
|   3|0x0000000700600000, 0x0000000700800000, 0x0000000700800000|100%| O|  |TAMS 0x0000000700600000| PB 0x0000000700600000| Untracked 
|   4|0x0000000700800000, 0x0000000700a00000, 0x0000000700a00000|100%| O|  |TAMS 0x0000000700800000| PB 0x0000000700800000| Untracked 
|   5|0x0000000700a00000, 0x0000000700c00000, 0x0000000700c00000|100%| O|  |TAMS 0x0000000700a00000| PB 0x0000000700a00000| Untracked 
|   6|0x0000000700c00000, 0x0000000700e00000, 0x0000000700e00000|100%| O|  |TAMS 0x0000000700c00000| PB 0x0000000700c00000| Untracked 
|   7|0x0000000700e00000, 0x0000000701000000, 0x0000000701000000|100%| O|  |TAMS 0x0000000700e00000| PB 0x0000000700e00000| Untracked 
|   8|0x0000000701000000, 0x0000000701200000, 0x0000000701200000|100%| O|  |TAMS 0x0000000701000000| PB 0x0000000701000000| Untracked 
|   9|0x0000000701200000, 0x0000000701400000, 0x0000000701400000|100%| O|  |TAMS 0x0000000701200000| PB 0x0000000701200000| Untracked 
|  10|0x0000000701400000, 0x0000000701600000, 0x0000000701600000|100%| O|  |TAMS 0x0000000701400000| PB 0x0000000701400000| Untracked 
|  11|0x0000000701600000, 0x0000000701800000, 0x0000000701800000|100%| O|  |TAMS 0x0000000701600000| PB 0x0000000701600000| Untracked 
|  12|0x0000000701800000, 0x0000000701a00000, 0x0000000701a00000|100%| O|  |TAMS 0x0000000701800000| PB 0x0000000701800000| Untracked 
|  13|0x0000000701a00000, 0x0000000701c00000, 0x0000000701c00000|100%| O|  |TAMS 0x0000000701a00000| PB 0x0000000701a00000| Untracked 
|  14|0x0000000701c00000, 0x0000000701e00000, 0x0000000701e00000|100%| O|  |TAMS 0x0000000701c00000| PB 0x0000000701c00000| Untracked 
|  15|0x0000000701e00000, 0x0000000702000000, 0x0000000702000000|100%| O|  |TAMS 0x0000000701e00000| PB 0x0000000701e00000| Untracked 
|  16|0x0000000702000000, 0x0000000702200000, 0x0000000702200000|100%| O|  |TAMS 0x0000000702000000| PB 0x0000000702000000| Untracked 
|  17|0x0000000702200000, 0x0000000702400000, 0x0000000702400000|100%| O|  |TAMS 0x0000000702200000| PB 0x0000000702200000| Untracked 
|  18|0x0000000702400000, 0x0000000702600000, 0x0000000702600000|100%| O|  |TAMS 0x0000000702400000| PB 0x0000000702400000| Untracked 
|  19|0x0000000702600000, 0x0000000702600000, 0x0000000702800000|  0%| F|  |TAMS 0x0000000702600000| PB 0x0000000702600000| Untracked 
|  20|0x0000000702800000, 0x0000000702a00000, 0x0000000702a00000|100%| O|  |TAMS 0x0000000702800000| PB 0x0000000702800000| Untracked 
|  21|0x0000000702a00000, 0x0000000702c00000, 0x0000000702c00000|100%| O|  |TAMS 0x0000000702a00000| PB 0x0000000702a00000| Untracked 
|  22|0x0000000702c00000, 0x0000000702e00000, 0x0000000702e00000|100%| O|  |TAMS 0x0000000702c00000| PB 0x0000000702c00000| Untracked 
|  23|0x0000000702e00000, 0x0000000703000000, 0x0000000703000000|100%| O|  |TAMS 0x0000000702e00000| PB 0x0000000702e00000| Untracked 
|  24|0x0000000703000000, 0x0000000703200000, 0x0000000703200000|100%| O|  |TAMS 0x0000000703000000| PB 0x0000000703000000| Untracked 
|  25|0x0000000703200000, 0x0000000703400000, 0x0000000703400000|100%| O|  |TAMS 0x0000000703200000| PB 0x0000000703200000| Untracked 
|  26|0x0000000703400000, 0x000000070355b580, 0x0000000703600000| 67%| O|  |TAMS 0x0000000703400000| PB 0x0000000703400000| Untracked 
|  27|0x0000000703600000, 0x0000000703600000, 0x0000000703800000|  0%| F|  |TAMS 0x0000000703600000| PB 0x0000000703600000| Untracked 
|  28|0x0000000703800000, 0x0000000703800000, 0x0000000703a00000|  0%| F|  |TAMS 0x0000000703800000| PB 0x0000000703800000| Untracked 
|  29|0x0000000703a00000, 0x0000000703bacb20, 0x0000000703c00000| 83%| S|CS|TAMS 0x0000000703a00000| PB 0x0000000703a00000| Complete 
|  30|0x0000000703c00000, 0x0000000703c00000, 0x0000000703e00000|  0%| F|  |TAMS 0x0000000703c00000| PB 0x0000000703c00000| Untracked 
|  31|0x0000000703e00000, 0x0000000703e00000, 0x0000000704000000|  0%| F|  |TAMS 0x0000000703e00000| PB 0x0000000703e00000| Untracked 
|  32|0x0000000704000000, 0x0000000704000000, 0x0000000704200000|  0%| F|  |TAMS 0x0000000704000000| PB 0x0000000704000000| Untracked 
|  33|0x0000000704200000, 0x0000000704200000, 0x0000000704400000|  0%| F|  |TAMS 0x0000000704200000| PB 0x0000000704200000| Untracked 
|  34|0x0000000704400000, 0x0000000704400000, 0x0000000704600000|  0%| F|  |TAMS 0x0000000704400000| PB 0x0000000704400000| Untracked 
|  35|0x0000000704600000, 0x0000000704600000, 0x0000000704800000|  0%| F|  |TAMS 0x0000000704600000| PB 0x0000000704600000| Untracked 
|  36|0x0000000704800000, 0x00000007049c8e20, 0x0000000704a00000| 89%| E|  |TAMS 0x0000000704800000| PB 0x0000000704800000| Complete 
|  37|0x0000000704a00000, 0x0000000704c00000, 0x0000000704c00000|100%| E|  |TAMS 0x0000000704a00000| PB 0x0000000704a00000| Complete 
|  38|0x0000000704c00000, 0x0000000704e00000, 0x0000000704e00000|100%| E|CS|TAMS 0x0000000704c00000| PB 0x0000000704c00000| Complete 
|  39|0x0000000704e00000, 0x0000000705000000, 0x0000000705000000|100%| E|CS|TAMS 0x0000000704e00000| PB 0x0000000704e00000| Complete 
|  40|0x0000000705000000, 0x0000000705200000, 0x0000000705200000|100%| E|CS|TAMS 0x0000000705000000| PB 0x0000000705000000| Complete 
|  41|0x0000000705200000, 0x0000000705400000, 0x0000000705400000|100%| E|CS|TAMS 0x0000000705200000| PB 0x0000000705200000| Complete 
|  42|0x0000000705400000, 0x0000000705600000, 0x0000000705600000|100%| E|CS|TAMS 0x0000000705400000| PB 0x0000000705400000| Complete 
|  43|0x0000000705600000, 0x0000000705800000, 0x0000000705800000|100%| E|CS|TAMS 0x0000000705600000| PB 0x0000000705600000| Complete 
|  44|0x0000000705800000, 0x0000000705a00000, 0x0000000705a00000|100%| E|CS|TAMS 0x0000000705800000| PB 0x0000000705800000| Complete 
|  45|0x0000000705a00000, 0x0000000705c00000, 0x0000000705c00000|100%| E|CS|TAMS 0x0000000705a00000| PB 0x0000000705a00000| Complete 
|  46|0x0000000705c00000, 0x0000000705e00000, 0x0000000705e00000|100%| E|CS|TAMS 0x0000000705c00000| PB 0x0000000705c00000| Complete 
|  47|0x0000000705e00000, 0x0000000706000000, 0x0000000706000000|100%| E|CS|TAMS 0x0000000705e00000| PB 0x0000000705e00000| Complete 
|  48|0x0000000706000000, 0x0000000706200000, 0x0000000706200000|100%| E|CS|TAMS 0x0000000706000000| PB 0x0000000706000000| Complete 
|  49|0x0000000706200000, 0x0000000706400000, 0x0000000706400000|100%| E|CS|TAMS 0x0000000706200000| PB 0x0000000706200000| Complete 

Card table byte_map: [0x000001b9aa3c0000,0x000001b9aabc0000] _byte_map_base: 0x000001b9a6bc0000

Marking Bits: (CMBitMap*) 0x000001b9927c4dd0
 Bits: [0x000001b9aabc0000, 0x000001b9aebc0000)

Polling page: 0x000001b9908f0000

Metaspace:

Usage:
  Non-class:     56.33 MB used.
      Class:      9.30 MB used.
       Both:     65.63 MB used.

Virtual space:
  Non-class space:       64.00 MB reserved,      57.31 MB ( 90%) committed,  1 nodes.
      Class space:        1.00 GB reserved,      10.38 MB (  1%) committed,  1 nodes.
             Both:        1.06 GB reserved,      67.69 MB (  6%) committed. 

Chunk freelists:
   Non-Class:  6.71 MB
       Class:  5.61 MB
        Both:  12.32 MB

MaxMetaspaceSize: unlimited
CompressedClassSpaceSize: 1.00 GB
Initial GC threshold: 21.00 MB
Current GC threshold: 111.50 MB
CDS: on
 - commit_granule_bytes: 65536.
 - commit_granule_words: 8192.
 - virtual_space_node_default_size: 8388608.
 - enlarge_chunks_in_place: 1.
 - use_allocation_guard: 0.


Internal statistics:

num_allocs_failed_limit: 6.
num_arena_births: 3664.
num_arena_deaths: 0.
num_vsnodes_births: 2.
num_vsnodes_deaths: 0.
num_space_committed: 1083.
num_space_uncommitted: 0.
num_chunks_returned_to_freelist: 6.
num_chunks_taken_from_freelist: 6930.
num_chunk_merges: 6.
num_chunk_splits: 4342.
num_chunks_enlarged: 2518.
num_inconsistent_stats: 0.

CodeHeap 'non-profiled nmethods': size=120000Kb used=5685Kb max_used=5685Kb free=114314Kb
 bounds [0x000001b9a2690000, 0x000001b9a2c20000, 0x000001b9a9bc0000]
CodeHeap 'profiled nmethods': size=120000Kb used=18231Kb max_used=18231Kb free=101768Kb
 bounds [0x000001b99abc0000, 0x000001b99bd90000, 0x000001b9a20f0000]
CodeHeap 'non-nmethods': size=5760Kb used=2788Kb max_used=2838Kb free=2971Kb
 bounds [0x000001b9a20f0000, 0x000001b9a23c0000, 0x000001b9a2690000]
 total_blobs=10376 nmethods=9470 adapters=809
 compilation: enabled
              stopped_count=0, restarted_count=0
 full_count=0

Compilation events (20 events):
Event: 3707.134 Thread 0x000001b9f2183710 nmethod 11005 0x000001b99bd76e10 code [0x000001b99bd770c0, 0x000001b99bd78138]
Event: 3707.134 Thread 0x000001b9f2183710 11006       3       java.io.ObjectOutputStream$BlockDataOutputStream::writeChar (47 bytes)
Event: 3707.138 Thread 0x000001b9f2183710 nmethod 11006 0x000001b99bd78690 code [0x000001b99bd78940, 0x000001b99bd79648]
Event: 3707.360 Thread 0x000001b9f2153420 11007   !   4       java.lang.StringLatin1::replace (291 bytes)
Event: 3707.425 Thread 0x000001b9f2153420 nmethod 11007 0x000001b9a2c1b390 code [0x000001b9a2c1b5a0, 0x000001b9a2c1cb58]
Event: 3711.092 Thread 0x000001b9f2183710 11008       3       java.security.AccessController::getContext (23 bytes)
Event: 3711.092 Thread 0x000001b9f2183710 nmethod 11008 0x000001b99bd79b90 code [0x000001b99bd79d60, 0x000001b99bd7a040]
Event: 3712.380 Thread 0x000001b9f2183710 11009       3       org.gradle.internal.logging.text.AbstractLineChoppingStyledTextOutput$1::execute (9 bytes)
Event: 3712.381 Thread 0x000001b9f2183710 nmethod 11009 0x000001b99bd7a190 code [0x000001b99bd7a340, 0x000001b99bd7a578]
Event: 3712.381 Thread 0x000001b9f2183710 11010       3       org.gradle.internal.io.LineBufferingOutputStream::write (59 bytes)
Event: 3712.384 Thread 0x000001b9f2183710 nmethod 11010 0x000001b99bd7a690 code [0x000001b99bd7a960, 0x000001b99bd7b7d8]
Event: 3712.384 Thread 0x000001b9f2183710 11013       3       org.gradle.internal.logging.text.AbstractLineChoppingStyledTextOutput::doAppend (43 bytes)
Event: 3712.385 Thread 0x000001b9f2183710 nmethod 11013 0x000001b99bd7bd10 code [0x000001b99bd7bf00, 0x000001b99bd7c3e8]
Event: 3712.385 Thread 0x000001b9f2183710 11012       3       org.gradle.internal.logging.text.AbstractLineChoppingStyledTextOutput$1::execute (140 bytes)
Event: 3712.388 Thread 0x000001b9f2183710 nmethod 11012 0x000001b99bd7c590 code [0x000001b99bd7c8c0, 0x000001b99bd7d9d0]
Event: 3712.388 Thread 0x000001b9f2183710 11014       3       org.gradle.internal.logging.text.AbstractLineChoppingStyledTextOutput$2::execute (77 bytes)
Event: 3712.390 Thread 0x000001b9f2183710 nmethod 11014 0x000001b99bd7e090 code [0x000001b99bd7e340, 0x000001b99bd7ee20]
Event: 3712.390 Thread 0x000001b9f2183710 11011       3       org.gradle.internal.io.LineBufferingOutputStream::endsWithLineSeparator (27 bytes)
Event: 3712.390 Thread 0x000001b9f2183710 nmethod 11011 0x000001b99bd7f290 code [0x000001b99bd7f440, 0x000001b99bd7f5f0]
Event: 3712.504 Thread 0x000001b9f2153420 11015       4       java.io.OutputStream::write (34 bytes)

GC Heap History (20 events):
Event: 62.476 GC heap before
{Heap before GC invocations=19 (full 0):
 garbage-first heap   total 81920K, used 73176K [0x0000000700000000, 0x0000000800000000)
  region size 2048K, 15 young (30720K), 2 survivors (4096K)
 Metaspace       used 59360K, committed 61248K, reserved 1114112K
  class space    used 8410K, committed 9344K, reserved 1048576K
}
Event: 62.506 GC heap after
{Heap after GC invocations=20 (full 0):
 garbage-first heap   total 81920K, used 47970K [0x0000000700000000, 0x0000000800000000)
  region size 2048K, 1 young (2048K), 1 survivors (2048K)
 Metaspace       used 59360K, committed 61248K, reserved 1114112K
  class space    used 8410K, committed 9344K, reserved 1048576K
}
Event: 65.762 GC heap before
{Heap before GC invocations=20 (full 0):
 garbage-first heap   total 81920K, used 74594K [0x0000000700000000, 0x0000000800000000)
  region size 2048K, 14 young (28672K), 1 survivors (2048K)
 Metaspace       used 61659K, committed 63488K, reserved 1114112K
  class space    used 8814K, committed 9728K, reserved 1048576K
}
Event: 65.776 GC heap after
{Heap after GC invocations=21 (full 0):
 garbage-first heap   total 81920K, used 49601K [0x0000000700000000, 0x0000000800000000)
  region size 2048K, 2 young (4096K), 2 survivors (4096K)
 Metaspace       used 61659K, committed 63488K, reserved 1114112K
  class space    used 8814K, committed 9728K, reserved 1048576K
}
Event: 69.653 GC heap before
{Heap before GC invocations=22 (full 0):
 garbage-first heap   total 90112K, used 68033K [0x0000000700000000, 0x0000000800000000)
  region size 2048K, 12 young (24576K), 2 survivors (4096K)
 Metaspace       used 63645K, committed 65536K, reserved 1114112K
  class space    used 9181K, committed 10112K, reserved 1048576K
}
Event: 69.670 GC heap after
{Heap after GC invocations=23 (full 0):
 garbage-first heap   total 90112K, used 51036K [0x0000000700000000, 0x0000000800000000)
  region size 2048K, 2 young (4096K), 2 survivors (4096K)
 Metaspace       used 63645K, committed 65536K, reserved 1114112K
  class space    used 9181K, committed 10112K, reserved 1048576K
}
Event: 119.381 GC heap before
{Heap before GC invocations=23 (full 0):
 garbage-first heap   total 90112K, used 75612K [0x0000000700000000, 0x0000000800000000)
  region size 2048K, 15 young (30720K), 2 survivors (4096K)
 Metaspace       used 65063K, committed 67136K, reserved 1114112K
  class space    used 9394K, committed 10432K, reserved 1048576K
}
Event: 119.405 GC heap after
{Heap after GC invocations=24 (full 0):
 garbage-first heap   total 90112K, used 52315K [0x0000000700000000, 0x0000000800000000)
  region size 2048K, 2 young (4096K), 2 survivors (4096K)
 Metaspace       used 65063K, committed 67136K, reserved 1114112K
  class space    used 9394K, committed 10432K, reserved 1048576K
}
Event: 183.647 GC heap before
{Heap before GC invocations=24 (full 0):
 garbage-first heap   total 90112K, used 76891K [0x0000000700000000, 0x0000000800000000)
  region size 2048K, 15 young (30720K), 2 survivors (4096K)
 Metaspace       used 65446K, committed 67456K, reserved 1114112K
  class space    used 9407K, committed 10432K, reserved 1048576K
}
Event: 183.659 GC heap after
{Heap after GC invocations=25 (full 0):
 garbage-first heap   total 90112K, used 52977K [0x0000000700000000, 0x0000000800000000)
  region size 2048K, 2 young (4096K), 2 survivors (4096K)
 Metaspace       used 65446K, committed 67456K, reserved 1114112K
  class space    used 9407K, committed 10432K, reserved 1048576K
}
Event: 523.938 GC heap before
{Heap before GC invocations=26 (full 0):
 garbage-first heap   total 102400K, used 77553K [0x0000000700000000, 0x0000000800000000)
  region size 2048K, 14 young (28672K), 2 survivors (4096K)
 Metaspace       used 65746K, committed 67776K, reserved 1114112K
  class space    used 9409K, committed 10432K, reserved 1048576K
}
Event: 523.946 GC heap after
{Heap after GC invocations=27 (full 0):
 garbage-first heap   total 102400K, used 52017K [0x0000000700000000, 0x0000000800000000)
  region size 2048K, 1 young (2048K), 1 survivors (2048K)
 Metaspace       used 65746K, committed 67776K, reserved 1114112K
  class space    used 9409K, committed 10432K, reserved 1048576K
}
Event: 2626.511 GC heap before
{Heap before GC invocations=27 (full 0):
 garbage-first heap   total 102400K, used 88881K [0x0000000700000000, 0x0000000800000000)
  region size 2048K, 20 young (40960K), 1 survivors (2048K)
 Metaspace       used 65951K, committed 67968K, reserved 1114112K
  class space    used 9410K, committed 10432K, reserved 1048576K
}
Event: 2626.686 GC heap after
{Heap after GC invocations=28 (full 0):
 garbage-first heap   total 102400K, used 51534K [0x0000000700000000, 0x0000000800000000)
  region size 2048K, 1 young (2048K), 1 survivors (2048K)
 Metaspace       used 65951K, committed 67968K, reserved 1114112K
  class space    used 9410K, committed 10432K, reserved 1048576K
}
Event: 3167.470 GC heap before
{Heap before GC invocations=28 (full 0):
 garbage-first heap   total 102400K, used 92494K [0x0000000700000000, 0x0000000800000000)
  region size 2048K, 21 young (43008K), 1 survivors (2048K)
 Metaspace       used 66407K, committed 68480K, reserved 1114112K
  class space    used 9464K, committed 10496K, reserved 1048576K
}
Event: 3167.523 GC heap after
{Heap after GC invocations=29 (full 0):
 garbage-first heap   total 102400K, used 55052K [0x0000000700000000, 0x0000000800000000)
  region size 2048K, 2 young (4096K), 2 survivors (4096K)
 Metaspace       used 66407K, committed 68480K, reserved 1114112K
  class space    used 9464K, committed 10496K, reserved 1048576K
}
Event: 3254.601 GC heap before
{Heap before GC invocations=30 (full 0):
 garbage-first heap   total 102400K, used 89868K [0x0000000700000000, 0x0000000800000000)
  region size 2048K, 20 young (40960K), 2 survivors (4096K)
 Metaspace       used 66661K, committed 68736K, reserved 1114112K
  class space    used 9468K, committed 10560K, reserved 1048576K
}
Event: 3254.615 GC heap after
{Heap after GC invocations=31 (full 0):
 garbage-first heap   total 102400K, used 54719K [0x0000000700000000, 0x0000000800000000)
  region size 2048K, 1 young (2048K), 1 survivors (2048K)
 Metaspace       used 66661K, committed 68736K, reserved 1114112K
  class space    used 9468K, committed 10560K, reserved 1048576K
}
Event: 3704.005 GC heap before
{Heap before GC invocations=31 (full 0):
 garbage-first heap   total 102400K, used 91583K [0x0000000700000000, 0x0000000800000000)
  region size 2048K, 20 young (40960K), 1 survivors (2048K)
 Metaspace       used 66897K, committed 68992K, reserved 1114112K
  class space    used 9490K, committed 10560K, reserved 1048576K
}
Event: 3704.074 GC heap after
{Heap after GC invocations=32 (full 0):
 garbage-first heap   total 102400K, used 54304K [0x0000000700000000, 0x0000000800000000)
  region size 2048K, 1 young (2048K), 1 survivors (2048K)
 Metaspace       used 66897K, committed 68992K, reserved 1114112K
  class space    used 9490K, committed 10560K, reserved 1048576K
}

Dll operation events (15 events):
Event: 0.050 Loaded shared library C:\Program Files\Java\jdk-21\bin\java.dll
Event: 0.288 Loaded shared library C:\Program Files\Java\jdk-21\bin\jsvml.dll
Event: 0.549 Loaded shared library C:\Program Files\Java\jdk-21\bin\zip.dll
Event: 0.572 Loaded shared library C:\Program Files\Java\jdk-21\bin\instrument.dll
Event: 0.588 Loaded shared library C:\Program Files\Java\jdk-21\bin\net.dll
Event: 0.595 Loaded shared library C:\Program Files\Java\jdk-21\bin\nio.dll
Event: 0.620 Loaded shared library C:\Program Files\Java\jdk-21\bin\zip.dll
Event: 1.907 Loaded shared library C:\Program Files\Java\jdk-21\bin\jimage.dll
Event: 2.795 Loaded shared library C:\Program Files\Java\jdk-21\bin\verify.dll
Event: 4.339 Loaded shared library C:\Users\88013\.gradle\native\68d5fa5c4cc2d200863cafc0d521ce42e7d3e7ee720ec0a83991735586a16f82\windows-amd64\native-platform.dll
Event: 4.375 Loaded shared library C:\Users\88013\.gradle\native\e376f236ea51e6404a007f0833ffe2c6e607c4080706a723a18a27aeea778392\windows-amd64\native-platform-file-events.dll
Event: 8.796 Loaded shared library C:\Program Files\Java\jdk-21\bin\management.dll
Event: 8.809 Loaded shared library C:\Program Files\Java\jdk-21\bin\management_ext.dll
Event: 9.740 Loaded shared library C:\Program Files\Java\jdk-21\bin\extnet.dll
Event: 10.303 Loaded shared library C:\Program Files\Java\jdk-21\bin\sunmscapi.dll

Deoptimization events (20 events):
Event: 3708.135 Thread 0x000001b9fa1cc9b0 Uncommon trap: trap_request=0xffffff45 fr.pc=0x000001b9a2a57f58 relative=0x0000000000001038
Event: 3708.135 Thread 0x000001b9fa1cc9b0 Uncommon trap: reason=unstable_if action=reinterpret pc=0x000001b9a2a57f58 method=org.gradle.internal.logging.text.AbstractLineChoppingStyledTextOutput$2.execute(Lorg/gradle/internal/logging/text/AbstractLineChoppingStyledTextOutput$StateContext;)V @ 34 c
Event: 3708.136 Thread 0x000001b9fa1cc9b0 DEOPT PACKING pc=0x000001b9a2a57f58 sp=0x0000003a43ffe3e0
Event: 3708.136 Thread 0x000001b9fa1cc9b0 DEOPT UNPACKING pc=0x000001b9a21446a2 sp=0x0000003a43ffe218 mode 2
Event: 3712.380 Thread 0x000001b9fa1cc9b0 Uncommon trap: trap_request=0xffffff45 fr.pc=0x000001b9a2a54654 relative=0x0000000000000414
Event: 3712.380 Thread 0x000001b9fa1cc9b0 Uncommon trap: reason=unstable_if action=reinterpret pc=0x000001b9a2a54654 method=org.gradle.internal.logging.text.AbstractLineChoppingStyledTextOutput$2.execute(Lorg/gradle/internal/logging/text/AbstractLineChoppingStyledTextOutput$StateContext;)V @ 34 c
Event: 3712.380 Thread 0x000001b9fa1cc9b0 DEOPT PACKING pc=0x000001b9a2a54654 sp=0x0000003a43ffe380
Event: 3712.380 Thread 0x000001b9fa1cc9b0 DEOPT UNPACKING pc=0x000001b9a21446a2 sp=0x0000003a43ffe218 mode 2
Event: 3712.380 Thread 0x000001b9fa1cc9b0 Uncommon trap: trap_request=0xffffff45 fr.pc=0x000001b9a2a537cc relative=0x000000000000040c
Event: 3712.380 Thread 0x000001b9fa1cc9b0 Uncommon trap: reason=unstable_if action=reinterpret pc=0x000001b9a2a537cc method=org.gradle.internal.logging.text.AbstractLineChoppingStyledTextOutput$2.execute(Lorg/gradle/internal/logging/text/AbstractLineChoppingStyledTextOutput$StateContext;)V @ 34 c
Event: 3712.380 Thread 0x000001b9fa1cc9b0 DEOPT PACKING pc=0x000001b9a2a537cc sp=0x0000003a43ffe310
Event: 3712.380 Thread 0x000001b9fa1cc9b0 DEOPT UNPACKING pc=0x000001b9a21446a2 sp=0x0000003a43ffe210 mode 2
Event: 3712.381 Thread 0x000001b9fa1cc9b0 Uncommon trap: trap_request=0xffffff45 fr.pc=0x000001b9a2a55cf4 relative=0x00000000000002d4
Event: 3712.381 Thread 0x000001b9fa1cc9b0 Uncommon trap: reason=unstable_if action=reinterpret pc=0x000001b9a2a55cf4 method=org.gradle.internal.logging.text.AbstractLineChoppingStyledTextOutput$2.execute(Lorg/gradle/internal/logging/text/AbstractLineChoppingStyledTextOutput$StateContext;)V @ 34 c
Event: 3712.381 Thread 0x000001b9fa1cc9b0 DEOPT PACKING pc=0x000001b9a2a55cf4 sp=0x0000003a43ffe280
Event: 3712.381 Thread 0x000001b9fa1cc9b0 DEOPT UNPACKING pc=0x000001b9a21446a2 sp=0x0000003a43ffe240 mode 2
Event: 3712.504 Thread 0x000001b9fa1cc9b0 Uncommon trap: trap_request=0xffffffbe fr.pc=0x000001b9a2ad2e38 relative=0x0000000000000ab8
Event: 3712.504 Thread 0x000001b9fa1cc9b0 Uncommon trap: reason=profile_predicate action=maybe_recompile pc=0x000001b9a2ad2e38 method=java.io.OutputStream.write([BII)V @ 11 c2
Event: 3712.504 Thread 0x000001b9fa1cc9b0 DEOPT PACKING pc=0x000001b9a2ad2e38 sp=0x0000003a43ffebf0
Event: 3712.504 Thread 0x000001b9fa1cc9b0 DEOPT UNPACKING pc=0x000001b9a21446a2 sp=0x0000003a43ffebe0 mode 2

Classes loaded (20 events):
Event: 112.772 Loading class java/lang/Throwable$PrintStreamOrWriter
Event: 112.773 Loading class java/lang/Throwable$PrintStreamOrWriter done
Event: 112.806 Loading class java/lang/Throwable$WrappedPrintWriter
Event: 112.806 Loading class java/lang/Throwable$WrappedPrintWriter done
Event: 112.809 Loading class java/lang/invoke/WrongMethodTypeException
Event: 112.809 Loading class java/lang/invoke/WrongMethodTypeException done
Event: 112.882 Loading class java/lang/StackTraceElement$HashedModules
Event: 112.882 Loading class java/lang/StackTraceElement$HashedModules done
Event: 112.896 Loading class java/util/concurrent/ConcurrentLinkedQueue$Itr
Event: 112.896 Loading class java/util/concurrent/ConcurrentLinkedQueue$Itr done
Event: 112.996 Loading class java/util/logging/LogRecord
Event: 112.997 Loading class java/util/logging/LogRecord done
Event: 113.628 Loading class java/io/NotSerializableException
Event: 113.628 Loading class java/io/NotSerializableException done
Event: 113.636 Loading class java/util/Collections$EmptyListIterator
Event: 113.636 Loading class java/util/Collections$EmptyListIterator done
Event: 116.775 Loading class jdk/internal/math/FormattedFPDecimal
Event: 116.775 Loading class jdk/internal/math/FormattedFPDecimal done
Event: 250.184 Loading class java/lang/foreign/MemorySegment
Event: 250.185 Loading class java/lang/foreign/MemorySegment done

Classes unloaded (0 events):
No events

Classes redefined (0 events):
No events

Internal exceptions (20 events):
Event: 3704.091 Thread 0x000001b9f9cafc50 Exception <a 'java/lang/NoSuchMethodError'{0x0000000706261f38}: static Lorg/gradle/tooling/internal/consumer/versioning/VersionDetails$R28VersionDetails;.<clinit>()V> (0x0000000706261f38) 
thrown [s\open\src\hotspot\share\prims\jni.cpp, line 1106]
Event: 3704.091 Thread 0x000001b9f9cafc50 Exception <a 'java/lang/NoSuchMethodError'{0x00000007062634a0}: static Lorg/gradle/tooling/internal/consumer/versioning/VersionDetails$R35VersionDetails;.<clinit>()V> (0x00000007062634a0) 
thrown [s\open\src\hotspot\share\prims\jni.cpp, line 1106]
Event: 3704.091 Thread 0x000001b9f9cafc50 Exception <a 'java/lang/NoSuchMethodError'{0x0000000706264bd0}: static Lorg/gradle/tooling/internal/consumer/versioning/VersionDetails$R44VersionDetails;.<clinit>()V> (0x0000000706264bd0) 
thrown [s\open\src\hotspot\share\prims\jni.cpp, line 1106]
Event: 3704.091 Thread 0x000001b9f9cafc50 Exception <a 'java/lang/NoSuchMethodError'{0x0000000706266238}: static Lorg/gradle/tooling/internal/consumer/versioning/VersionDetails$R48VersionDetails;.<clinit>()V> (0x0000000706266238) 
thrown [s\open\src\hotspot\share\prims\jni.cpp, line 1106]
Event: 3704.091 Thread 0x000001b9f9cafc50 Exception <a 'java/lang/NoSuchMethodError'{0x0000000706267490}: static Lorg/gradle/tooling/internal/consumer/versioning/VersionDetails$R51VersionDetails;.<clinit>()V> (0x0000000706267490) 
thrown [s\open\src\hotspot\share\prims\jni.cpp, line 1106]
Event: 3704.099 Thread 0x000001b9f9cafc50 Exception <a 'java/lang/NoSuchMethodError'{0x00000007062779e8}: static [Lorg/gradle/tooling/BuildAction;.<clinit>()V> (0x00000007062779e8) 
thrown [s\open\src\hotspot\share\prims\jni.cpp, line 1106]
Event: 3704.109 Thread 0x000001b9f9cafc50 Exception <a 'java/lang/NoSuchMethodError'{0x0000000706287658}: static Lorg/eclipse/buildship/core/internal/workspace/TellGradleToRunSynchronizationTasks;.<clinit>()V> (0x0000000706287658) 
thrown [s\open\src\hotspot\share\prims\jni.cpp, line 1106]
Event: 3704.862 Thread 0x000001b9f9cafc50 Exception <a 'sun/nio/fs/WindowsException'{0x000000070600a928}> (0x000000070600a928) 
thrown [s\open\src\hotspot\share\prims\jni.cpp, line 520]
Event: 3704.867 Thread 0x000001b9f9cafc50 Exception <a 'sun/nio/fs/WindowsException'{0x000000070600c0b8}> (0x000000070600c0b8) 
thrown [s\open\src\hotspot\share\prims\jni.cpp, line 520]
Event: 3704.868 Thread 0x000001b9f9cafc50 Exception <a 'sun/nio/fs/WindowsException'{0x000000070600d838}> (0x000000070600d838) 
thrown [s\open\src\hotspot\share\prims\jni.cpp, line 520]
Event: 3704.870 Thread 0x000001b9f9cafc50 Exception <a 'sun/nio/fs/WindowsException'{0x000000070600ef98}> (0x000000070600ef98) 
thrown [s\open\src\hotspot\share\prims\jni.cpp, line 520]
Event: 3705.213 Thread 0x000001b9f9cafc50 Exception <a 'sun/nio/fs/WindowsException'{0x00000007060c2248}> (0x00000007060c2248) 
thrown [s\open\src\hotspot\share\prims\jni.cpp, line 520]
Event: 3705.214 Thread 0x000001b9f9cafc50 Exception <a 'sun/nio/fs/WindowsException'{0x00000007060c3f38}> (0x00000007060c3f38) 
thrown [s\open\src\hotspot\share\prims\jni.cpp, line 520]
Event: 3705.215 Thread 0x000001b9f9cafc50 Exception <a 'sun/nio/fs/WindowsException'{0x00000007060c5c18}> (0x00000007060c5c18) 
thrown [s\open\src\hotspot\share\prims\jni.cpp, line 520]
Event: 3705.216 Thread 0x000001b9f9cafc50 Exception <a 'sun/nio/fs/WindowsException'{0x00000007060c78d8}> (0x00000007060c78d8) 
thrown [s\open\src\hotspot\share\prims\jni.cpp, line 520]
Event: 3706.782 Thread 0x000001b9f9cb0970 Exception <a 'sun/nio/fs/WindowsException'{0x0000000705261d78}> (0x0000000705261d78) 
thrown [s\open\src\hotspot\share\prims\jni.cpp, line 520]
Event: 3706.786 Thread 0x000001b9f9cb0970 Exception <a 'sun/nio/fs/WindowsException'{0x0000000705263d38}> (0x0000000705263d38) 
thrown [s\open\src\hotspot\share\prims\jni.cpp, line 520]
Event: 3706.787 Thread 0x000001b9f9cb0970 Exception <a 'sun/nio/fs/WindowsException'{0x0000000705269fc8}> (0x0000000705269fc8) 
thrown [s\open\src\hotspot\share\prims\jni.cpp, line 520]
Event: 3706.789 Thread 0x000001b9f9cb0970 Exception <a 'sun/nio/fs/WindowsException'{0x000000070526bba0}> (0x000000070526bba0) 
thrown [s\open\src\hotspot\share\prims\jni.cpp, line 520]
Event: 3706.802 Thread 0x000001b9f9cae210 Exception <a 'sun/nio/fs/WindowsException'{0x000000070527d4d0}> (0x000000070527d4d0) 
thrown [s\open\src\hotspot\share\prims\jni.cpp, line 520]

ZGC Phase Switch (0 events):
No events

VM Operations (20 events):
Event: 3340.785 Executing VM operation: Cleanup
Event: 3340.785 Executing VM operation: Cleanup done
Event: 3370.984 Executing VM operation: Cleanup
Event: 3370.984 Executing VM operation: Cleanup done
Event: 3703.451 Executing VM operation: Cleanup
Event: 3703.453 Executing VM operation: Cleanup done
Event: 3704.005 Executing VM operation: G1CollectForAllocation (G1 Evacuation Pause)
Event: 3704.074 Executing VM operation: G1CollectForAllocation (G1 Evacuation Pause) done
Event: 3705.081 Executing VM operation: Cleanup
Event: 3705.100 Executing VM operation: Cleanup done
Event: 3706.100 Executing VM operation: Cleanup
Event: 3706.117 Executing VM operation: Cleanup done
Event: 3707.128 Executing VM operation: Cleanup
Event: 3707.129 Executing VM operation: Cleanup done
Event: 3709.132 Executing VM operation: Cleanup
Event: 3709.133 Executing VM operation: Cleanup done
Event: 3711.146 Executing VM operation: Cleanup
Event: 3711.146 Executing VM operation: Cleanup done
Event: 3712.151 Executing VM operation: Cleanup
Event: 3712.152 Executing VM operation: Cleanup done

Events (20 events):
Event: 3706.704 Thread 0x000001b9f9cb0970 Thread added: 0x000001b9f9cb0970
Event: 3706.729 Thread 0x000001b9f9cae210 Thread added: 0x000001b9f9cae210
Event: 3706.730 Thread 0x000001b9f9caf5c0 Thread added: 0x000001b9f9caf5c0
Event: 3706.730 Thread 0x000001b9f9cb23b0 Thread added: 0x000001b9f9cb23b0
Event: 3706.770 Thread 0x000001b9f9cb1000 Thread added: 0x000001b9f9cb1000
Event: 3706.910 Thread 0x000001b9fa1c7460 Thread added: 0x000001b9fa1c7460
Event: 3706.911 Thread 0x000001b9fa1caf70 Thread added: 0x000001b9fa1caf70
Event: 3706.911 Thread 0x000001b9fa1cdd60 Thread added: 0x000001b9fa1cdd60
Event: 3707.345 Thread 0x000001b9fa1ca250 Thread added: 0x000001b9fa1ca250
Event: 3707.376 Thread 0x000001b9fa1cea80 Thread added: 0x000001b9fa1cea80
Event: 3707.684 Thread 0x000001b9fa1ce3f0 Thread added: 0x000001b9fa1ce3f0
Event: 3707.688 Thread 0x000001b9fa1c8180 Thread added: 0x000001b9fa1c8180
Event: 3707.688 Thread 0x000001b9fa1c8810 Thread added: 0x000001b9fa1c8810
Event: 3707.689 Thread 0x000001b9fa1cc9b0 Thread added: 0x000001b9fa1cc9b0
Event: 3709.214 Thread 0x000001b9fa1ce3f0 Thread exited: 0x000001b9fa1ce3f0
Event: 3711.091 Thread 0x000001b9fa1c8ea0 Thread added: 0x000001b9fa1c8ea0
Event: 3711.091 Thread 0x000001b9fa1cb600 Thread added: 0x000001b9fa1cb600
Event: 3711.092 Thread 0x000001b9fa1c9bc0 Thread added: 0x000001b9fa1c9bc0
Event: 3711.100 Thread 0x000001b9fa1ce3f0 Thread added: 0x000001b9fa1ce3f0
Event: 3711.101 Thread 0x000001b9f93a1150 Thread added: 0x000001b9f93a1150


Dynamic libraries:
0x00007ff728fd0000 - 0x00007ff728fe0000 	C:\Program Files\Java\jdk-21\bin\java.exe
0x00007ff98e780000 - 0x00007ff98e989000 	C:\Windows\SYSTEM32\ntdll.dll
0x00007ff98d270000 - 0x00007ff98d32d000 	C:\Windows\System32\KERNEL32.DLL
0x00007ff98c290000 - 0x00007ff98c609000 	C:\Windows\System32\KERNELBASE.dll
0x00007ff98c030000 - 0x00007ff98c141000 	C:\Windows\System32\ucrtbase.dll
0x00007ff9717b0000 - 0x00007ff9717cb000 	C:\Program Files\Java\jdk-21\bin\VCRUNTIME140.dll
0x00007ff972780000 - 0x00007ff972799000 	C:\Program Files\Java\jdk-21\bin\jli.dll
0x00007ff98cc40000 - 0x00007ff98ccee000 	C:\Windows\System32\ADVAPI32.dll
0x00007ff98e4f0000 - 0x00007ff98e593000 	C:\Windows\System32\msvcrt.dll
0x00007ff98c610000 - 0x00007ff98c6ae000 	C:\Windows\System32\sechost.dll
0x00007ff98e2e0000 - 0x00007ff98e400000 	C:\Windows\System32\RPCRT4.dll
0x00007ff98c6d0000 - 0x00007ff98c87c000 	C:\Windows\System32\USER32.dll
0x00007ff98bd00000 - 0x00007ff98bd26000 	C:\Windows\System32\win32u.dll
0x00007ff98e2b0000 - 0x00007ff98e2d9000 	C:\Windows\System32\GDI32.dll
0x00007ff98bf10000 - 0x00007ff98c022000 	C:\Windows\System32\gdi32full.dll
0x00007ff98bc60000 - 0x00007ff98bcfd000 	C:\Windows\System32\msvcp_win.dll
0x00007ff979f60000 - 0x00007ff97a205000 	C:\Windows\WinSxS\amd64_microsoft.windows.common-controls_6595b64144ccf1df_6.0.22000.120_none_9d947278b86cc467\COMCTL32.dll
0x00007ff9821f0000 - 0x00007ff9821fa000 	C:\Windows\SYSTEM32\VERSION.dll
0x00007ff98cd60000 - 0x00007ff98cd91000 	C:\Windows\System32\IMM32.DLL
0x00007ff983e50000 - 0x00007ff983e5c000 	C:\Program Files\Java\jdk-21\bin\vcruntime140_1.dll
0x00007ff970740000 - 0x00007ff9707ce000 	C:\Program Files\Java\jdk-21\bin\msvcp140.dll
0x00007ff9498b0000 - 0x00007ff94a5c5000 	C:\Program Files\Java\jdk-21\bin\server\jvm.dll
0x00007ff98e240000 - 0x00007ff98e2af000 	C:\Windows\System32\WS2_32.dll
0x00007ff98bb30000 - 0x00007ff98bb7d000 	C:\Windows\SYSTEM32\POWRPROF.dll
0x00007ff984330000 - 0x00007ff984363000 	C:\Windows\SYSTEM32\WINMM.dll
0x00007ff98bb10000 - 0x00007ff98bb23000 	C:\Windows\SYSTEM32\UMPDC.dll
0x00007ff98ad60000 - 0x00007ff98ad78000 	C:\Windows\SYSTEM32\kernel.appcore.dll
0x00007ff97a3a0000 - 0x00007ff97a3aa000 	C:\Program Files\Java\jdk-21\bin\jimage.dll
0x00007ff97f3a0000 - 0x00007ff97f5c1000 	C:\Windows\SYSTEM32\DBGHELP.DLL
0x00007ff97e890000 - 0x00007ff97e8c1000 	C:\Windows\SYSTEM32\dbgcore.DLL
0x00007ff98c150000 - 0x00007ff98c1cf000 	C:\Windows\System32\bcryptPrimitives.dll
0x00007ff987970000 - 0x00007ff98797f000 	C:\Program Files\Java\jdk-21\bin\instrument.dll
0x00007ff971790000 - 0x00007ff9717af000 	C:\Program Files\Java\jdk-21\bin\java.dll
0x00007ff98d3a0000 - 0x00007ff98db58000 	C:\Windows\System32\SHELL32.dll
0x00007ff989dd0000 - 0x00007ff98a637000 	C:\Windows\SYSTEM32\windows.storage.dll
0x00007ff98dec0000 - 0x00007ff98e239000 	C:\Windows\System32\combase.dll
0x00007ff989c60000 - 0x00007ff989dc6000 	C:\Windows\SYSTEM32\wintypes.dll
0x00007ff98e400000 - 0x00007ff98e4ea000 	C:\Windows\System32\SHCORE.dll
0x00007ff98cda0000 - 0x00007ff98cdfd000 	C:\Windows\System32\shlwapi.dll
0x00007ff98bb90000 - 0x00007ff98bbb1000 	C:\Windows\SYSTEM32\profapi.dll
0x00007ff970440000 - 0x00007ff970517000 	C:\Program Files\Java\jdk-21\bin\jsvml.dll
0x00007ff971600000 - 0x00007ff971618000 	C:\Program Files\Java\jdk-21\bin\zip.dll
0x00007ff979d90000 - 0x00007ff979da0000 	C:\Program Files\Java\jdk-21\bin\net.dll
0x00007ff983c70000 - 0x00007ff983d7c000 	C:\Windows\SYSTEM32\WINHTTP.dll
0x00007ff98b190000 - 0x00007ff98b1f7000 	C:\Windows\system32\mswsock.dll
0x00007ff971620000 - 0x00007ff971636000 	C:\Program Files\Java\jdk-21\bin\nio.dll
0x00007ff987940000 - 0x00007ff987950000 	C:\Program Files\Java\jdk-21\bin\verify.dll
0x00007ff96b820000 - 0x00007ff96b847000 	C:\Users\88013\.gradle\native\68d5fa5c4cc2d200863cafc0d521ce42e7d3e7ee720ec0a83991735586a16f82\windows-amd64\native-platform.dll
0x00007ff94cf90000 - 0x00007ff94d0d4000 	C:\Users\88013\.gradle\native\e376f236ea51e6404a007f0833ffe2c6e607c4080706a723a18a27aeea778392\windows-amd64\native-platform-file-events.dll
0x00007ff971780000 - 0x00007ff97178a000 	C:\Program Files\Java\jdk-21\bin\management.dll
0x00007ff971300000 - 0x00007ff97130b000 	C:\Program Files\Java\jdk-21\bin\management_ext.dll
0x00007ff98d330000 - 0x00007ff98d338000 	C:\Windows\System32\PSAPI.DLL
0x00007ff98b3e0000 - 0x00007ff98b3f8000 	C:\Windows\SYSTEM32\CRYPTSP.dll
0x00007ff98acc0000 - 0x00007ff98acf5000 	C:\Windows\system32\rsaenh.dll
0x00007ff98b280000 - 0x00007ff98b2a9000 	C:\Windows\SYSTEM32\USERENV.dll
0x00007ff98b550000 - 0x00007ff98b577000 	C:\Windows\SYSTEM32\bcrypt.dll
0x00007ff98b3d0000 - 0x00007ff98b3dc000 	C:\Windows\SYSTEM32\CRYPTBASE.dll
0x00007ff98a890000 - 0x00007ff98a8bd000 	C:\Windows\SYSTEM32\IPHLPAPI.DLL
0x00007ff98dc40000 - 0x00007ff98dc49000 	C:\Windows\System32\NSI.dll
0x00007ff970590000 - 0x00007ff970597000 	C:\Program Files\Java\jdk-21\bin\extnet.dll
0x00007ff970a60000 - 0x00007ff970a6e000 	C:\Program Files\Java\jdk-21\bin\sunmscapi.dll
0x00007ff98bd30000 - 0x00007ff98be92000 	C:\Windows\System32\CRYPT32.dll
0x00007ff98b520000 - 0x00007ff98b548000 	C:\Windows\SYSTEM32\ncrypt.dll
0x00007ff98b4e0000 - 0x00007ff98b517000 	C:\Windows\SYSTEM32\NTASN1.dll
0x00007ff8ee300000 - 0x00007ff8ee308000 	C:\Windows\system32\wshunix.dll

dbghelp: loaded successfully - version: 4.0.5 - missing functions: none
symbol engine: initialized successfully - sym options: 0x614 - pdb path: .;C:\Program Files\Java\jdk-21\bin;C:\Windows\SYSTEM32;C:\Windows\WinSxS\amd64_microsoft.windows.common-controls_6595b64144ccf1df_6.0.22000.120_none_9d947278b86cc467;C:\Program Files\Java\jdk-21\bin\server;C:\Users\88013\.gradle\native\68d5fa5c4cc2d200863cafc0d521ce42e7d3e7ee720ec0a83991735586a16f82\windows-amd64;C:\Users\88013\.gradle\native\e376f236ea51e6404a007f0833ffe2c6e607c4080706a723a18a27aeea778392\windows-amd64

VM Arguments:
jvm_args: --add-opens=java.base/java.util=ALL-UNNAMED --add-opens=java.base/java.lang=ALL-UNNAMED --add-opens=java.base/java.lang.invoke=ALL-UNNAMED --add-opens=java.prefs/java.util.prefs=ALL-UNNAMED --add-opens=java.base/java.nio.charset=ALL-UNNAMED --add-opens=java.base/java.net=ALL-UNNAMED --add-opens=java.base/java.util.concurrent.atomic=ALL-UNNAMED -Xmx4G -Dfile.encoding=utf8 -Duser.country=US -Duser.language=en -Duser.variant -javaagent:C:\Users\88013\.gradle\wrapper\dists\gradle-8.1.1-bin\9wiye5v2saajue4irfo8ybqfp\gradle-8.1.1\lib\agents\gradle-instrumentation-agent-8.1.1.jar 
java_command: org.gradle.launcher.daemon.bootstrap.GradleDaemon 8.1.1
java_class_path (initial): C:\Users\88013\.gradle\wrapper\dists\gradle-8.1.1-bin\9wiye5v2saajue4irfo8ybqfp\gradle-8.1.1\lib\gradle-launcher-8.1.1.jar
Launcher Type: SUN_STANDARD

[Global flags]
     intx CICompilerCount                          = 3                                         {product} {ergonomic}
     uint ConcGCThreads                            = 1                                         {product} {ergonomic}
     uint G1ConcRefinementThreads                  = 4                                         {product} {ergonomic}
   size_t G1HeapRegionSize                         = 2097152                                   {product} {ergonomic}
    uintx GCDrainStackTargetSize                   = 64                                        {product} {ergonomic}
   size_t InitialHeapSize                          = 100663296                                 {product} {ergonomic}
   size_t MarkStackSize                            = 4194304                                   {product} {ergonomic}
   size_t MaxHeapSize                              = 4294967296                                {product} {command line}
   size_t MaxNewSize                               = 2575302656                                {product} {ergonomic}
   size_t MinHeapDeltaBytes                        = 2097152                                   {product} {ergonomic}
   size_t MinHeapSize                              = 8388608                                   {product} {ergonomic}
    uintx NonNMethodCodeHeapSize                   = 5832780                                {pd product} {ergonomic}
    uintx NonProfiledCodeHeapSize                  = 122912730                              {pd product} {ergonomic}
    uintx ProfiledCodeHeapSize                     = 122912730                              {pd product} {ergonomic}
    uintx ReservedCodeCacheSize                    = 251658240                              {pd product} {ergonomic}
     bool SegmentedCodeCache                       = true                                      {product} {ergonomic}
   size_t SoftMaxHeapSize                          = 4294967296                             {manageable} {ergonomic}
     bool UseCompressedOops                        = true                           {product lp64_product} {ergonomic}
     bool UseG1GC                                  = true                                      {product} {ergonomic}
     bool UseLargePagesIndividualAllocation        = false                                  {pd product} {ergonomic}

Logging:
Log output configuration:
 #0: stdout all=warning uptime,level,tags foldmultilines=false
 #1: stderr all=off uptime,level,tags foldmultilines=false

Environment Variables:
PATH=C:\Python312\Scripts\;C:\Python312\;C:\Program Files\Common Files\Oracle\Java\javapath;C:\Python310\Scripts\;C:\Python310\;C:\Windows\system32;C:\Windows;C:\Windows\System32\Wbem;C:\Windows\System32\WindowsPowerShell\v1.0\;C:\Windows\System32\OpenSSH\;C:\Program Files\dotnet\;C:\MinGW\bin;C:\Program Files\Git\cmd;C:\Program Files\Java\jdk-21\bin;C:\Program Files (x86)\Windows Kits\8.1\Windows Performance Toolkit\;C:\Program Files\Microsoft SQL Server\110\Tools\Binn\;C:\Users\88013\AppData\Local\Android\Sdk\platform-tools;C:\Users\88013\AppData\Local\Android\Sdk\tools;C:\Users\88013\AppData\Local\Android\Sdk\tools\bin;C:\Program Files\nodejs\;C:\ProgramData\chocolatey\bin;C:\Users\88013\AppData\Local\Microsoft\WindowsApps;C:\Program Files\CodeBlocks\MinGW;C:\Users\88013\AppData\Local\Programs\Microsoft VS Code\bin;C:\Python310\Scripts;C:\Python310;C:\MinGW\bin;C:\Users\88013\AppData\Local\GitHubDesktop\bin;C:\flutter_windows_3.19.3-stable\flutter\bin;C:\Program Files\Android\Android Studio1\bin;C:\Users\88013\AppData\Local\Android\Sdk;C:\Users\88013\AppData\Local\Android\Sdk\emulator;C:\Users\88013\AppData\Roaming\npm;C:\Users\88013\AppData\Local\Pub\Cache\bin;
USERNAME=88013
OS=Windows_NT
PROCESSOR_IDENTIFIER=AMD64 Family 23 Model 24 Stepping 1, AuthenticAMD
TMP=C:\Users\88013\AppData\Local\Temp
TEMP=C:\Users\88013\AppData\Local\Temp




Periodic native trim disabled

---------------  S Y S T E M  ---------------

OS:
 Windows 11 , 64 bit Build 22000 (10.0.22000.708)
OS uptime: 0 days 11:06 hours

CPU: total 4 (initial active 4) (4 cores per cpu, 2 threads per core) family 23 model 24 stepping 1 microcode 0x0, cx8, cmov, fxsr, ht, mmx, 3dnowpref, sse, sse2, sse3, ssse3, sse4a, sse4.1, sse4.2, popcnt, lzcnt, tsc, tscinvbit, avx, avx2, aes, clmul, bmi1, bmi2, adx, sha, fma, vzeroupper, clflush, clflushopt, rdtscp, f16c
Processor Information for all 4 processors :
  Max Mhz: 2600, Current Mhz: 1700, Mhz Limit: 2600

Memory: 4k page, system-wide physical 6030M (358M free)
TotalPageFile size 13262M (AvailPageFile size 185M)
current process WorkingSet (physical memory assigned to process): 175M, peak: 288M
current process commit charge ("private bytes"): 321M, peak: 335M

vm_info: Java HotSpot(TM) 64-Bit Server VM (21.0.1+12-LTS-29) for windows-amd64 JRE (21.0.1+12-LTS-29), built on 2023-10-05T13:27:09Z by "mach5one" with MS VC++ 17.1 (VS2022)

END.
