#
# There is insufficient memory for the Java Runtime Environment to continue.
# Native memory allocation (mmap) failed to map 8388608 bytes for G1 virtual space
# Possible reasons:
#   The system is out of physical RAM or swap space
#   The process is running with CompressedOops enabled, and the Java Heap may be blocking the growth of the native heap
# Possible solutions:
#   Reduce memory load on the system
#   Increase physical memory or swap space
#   Check if swap backing store is full
#   Decrease Java heap size (-Xmx/-Xms)
#   Decrease number of Java threads
#   Decrease Java thread stack sizes (-Xss)
#   Set larger code cache with -XX:ReservedCodeCacheSize=
#   JVM is running with Zero Based Compressed Oops mode in which the Java heap is
#     placed in the first 32GB address space. The Java Heap base address is the
#     maximum limit for the native heap growth. Please use -XX:HeapBaseMinAddress
#     to set the Java Heap base and to place the Java Heap above 32GB virtual address.
# This output file may be truncated or incomplete.
#
#  Out of Memory Error (os_windows.cpp:3825), pid=14724, tid=18188
#
# JRE version: OpenJDK Runtime Environment (17.0.9) (build 17.0.9+0--11185874)
# Java VM: OpenJDK 64-Bit Server VM (17.0.9+0--11185874, mixed mode, tiered, compressed oops, compressed class ptrs, g1 gc, windows-amd64)
# No core dump will be written. Minidumps are not enabled by default on client versions of Windows
#

---------------  S U M M A R Y ------------

Command Line: --add-opens=java.base/java.util=ALL-UNNAMED --add-opens=java.base/java.lang=ALL-UNNAMED --add-opens=java.base/java.lang.invoke=ALL-UNNAMED --add-opens=java.prefs/java.util.prefs=ALL-UNNAMED --add-opens=java.base/java.nio.charset=ALL-UNNAMED --add-opens=java.base/java.net=ALL-UNNAMED --add-opens=java.base/java.util.concurrent.atomic=ALL-UNNAMED -Xmx4G -Dfile.encoding=windows-1252 -Duser.country=US -Duser.language=en -Duser.variant -javaagent:C:\Users\88013\.gradle\wrapper\dists\gradle-8.1.1-bin\9wiye5v2saajue4irfo8ybqfp\gradle-8.1.1\lib\agents\gradle-instrumentation-agent-8.1.1.jar org.gradle.launcher.daemon.bootstrap.GradleDaemon 8.1.1

Host: AMD Ryzen 3 3250U with Radeon Graphics         , 4 cores, 5G,  Windows 11 , 64 bit Build 22000 (10.0.22000.708)
Time: Tue Jun 25 07:48:34 2024 Bangladesh Standard Time elapsed time: 43.644581 seconds (0d 0h 0m 43s)

---------------  T H R E A D  ---------------

Current thread (0x000001c63bd19ba0):  VMThread "VM Thread" [stack: 0x000000a87bf00000,0x000000a87c000000] [id=18188]

Stack: [0x000000a87bf00000,0x000000a87c000000]
Native frames: (J=compiled Java code, j=interpreted, Vv=VM code, C=native code)
V  [jvm.dll+0x6886e9]
V  [jvm.dll+0x841e4a]
V  [jvm.dll+0x843a8e]
V  [jvm.dll+0x8440f3]
V  [jvm.dll+0x24c14f]
V  [jvm.dll+0x685499]
V  [jvm.dll+0x679c2a]
V  [jvm.dll+0x30cf9b]
V  [jvm.dll+0x314446]
V  [jvm.dll+0x36425e]
V  [jvm.dll+0x36448f]
V  [jvm.dll+0x2e2d68]
V  [jvm.dll+0x2e5e56]
V  [jvm.dll+0x2f066a]
V  [jvm.dll+0x325610]
V  [jvm.dll+0x8487eb]
V  [jvm.dll+0x849531]
V  [jvm.dll+0x849a4d]
V  [jvm.dll+0x849e24]
V  [jvm.dll+0x849ef0]
V  [jvm.dll+0x7f06aa]
V  [jvm.dll+0x687565]
C  [ucrtbase.dll+0x26c0c]
C  [KERNEL32.DLL+0x154e0]
C  [ntdll.dll+0x485b]

VM_Operation (0x000000a87bbff5a0): G1PauseRemark, mode: safepoint, requested by thread 0x000001c61db8e120


---------------  P R O C E S S  ---------------

Threads class SMR info:
_java_thread_list=0x000001c6435e9a20, length=54, elements={
0x000001c61db0fca0, 0x000001c63bce5460, 0x000001c63bce82f0, 0x000001c63bd39440,
0x000001c63bd3a0c0, 0x000001c63bd3bbf0, 0x000001c63bd3c5b0, 0x000001c63bd3d350,
0x000001c63bd3de00, 0x000001c63bd3e800, 0x000001c64014cea0, 0x000001c640348ae0,
0x000001c6419507e0, 0x000001c641814900, 0x000001c642268b90, 0x000001c6414981a0,
0x000001c641ad0100, 0x000001c641dfe4b0, 0x000001c641e00820, 0x000001c641dfdfa0,
0x000001c641dfe9c0, 0x000001c641dff3e0, 0x000001c641dfd070, 0x000001c641dfeed0,
0x000001c641dff8f0, 0x000001c641e00310, 0x000001c641dfd580, 0x000001c641dfda90,
0x000001c641251570, 0x000001c641250b50, 0x000001c641250130, 0x000001c64124c470,
0x000001c64124d3a0, 0x000001c64124ddc0, 0x000001c64124ecf0, 0x000001c6412529b0,
0x000001c6412533d0, 0x000001c641252ec0, 0x000001c641251060, 0x000001c641253df0,
0x000001c641251f90, 0x000001c6412538e0, 0x000001c64124c980, 0x000001c64124e7e0,
0x000001c64124ce90, 0x000001c64124d8b0, 0x000001c64124f200, 0x000001c64124fc20,
0x000001c644f309a0, 0x000001c644f2f050, 0x000001c644f318d0, 0x000001c644f313c0,
0x000001c644f322f0, 0x000001c643b52570
}

Java Threads: ( => current thread )
  0x000001c61db0fca0 JavaThread "main" [_thread_blocked, id=9432, stack(0x000000a87b900000,0x000000a87ba00000)]
  0x000001c63bce5460 JavaThread "Reference Handler" daemon [_thread_blocked, id=21508, stack(0x000000a87c000000,0x000000a87c100000)]
  0x000001c63bce82f0 JavaThread "Finalizer" daemon [_thread_blocked, id=7568, stack(0x000000a87c100000,0x000000a87c200000)]
  0x000001c63bd39440 JavaThread "Signal Dispatcher" daemon [_thread_blocked, id=12460, stack(0x000000a87c200000,0x000000a87c300000)]
  0x000001c63bd3a0c0 JavaThread "Attach Listener" daemon [_thread_blocked, id=21232, stack(0x000000a87c300000,0x000000a87c400000)]
  0x000001c63bd3bbf0 JavaThread "Service Thread" daemon [_thread_blocked, id=12880, stack(0x000000a87c400000,0x000000a87c500000)]
  0x000001c63bd3c5b0 JavaThread "Monitor Deflation Thread" daemon [_thread_blocked, id=21900, stack(0x000000a87c500000,0x000000a87c600000)]
  0x000001c63bd3d350 JavaThread "C2 CompilerThread0" daemon [_thread_blocked, id=2052, stack(0x000000a87c600000,0x000000a87c700000)]
  0x000001c63bd3de00 JavaThread "C1 CompilerThread0" daemon [_thread_blocked, id=2444, stack(0x000000a87c700000,0x000000a87c800000)]
  0x000001c63bd3e800 JavaThread "Sweeper thread" daemon [_thread_blocked, id=24016, stack(0x000000a87c800000,0x000000a87c900000)]
  0x000001c64014cea0 JavaThread "Common-Cleaner" daemon [_thread_blocked, id=21932, stack(0x000000a87c900000,0x000000a87ca00000)]
  0x000001c640348ae0 JavaThread "Notification Thread" daemon [_thread_blocked, id=24312, stack(0x000000a87ca00000,0x000000a87cb00000)]
  0x000001c6419507e0 JavaThread "Daemon health stats" [_thread_blocked, id=22516, stack(0x000000a87d000000,0x000000a87d100000)]
  0x000001c641814900 JavaThread "Incoming local TCP Connector on port 61230" [_thread_in_native, id=21796, stack(0x000000a87cc00000,0x000000a87cd00000)]
  0x000001c642268b90 JavaThread "Daemon periodic checks" [_thread_blocked, id=460, stack(0x000000a87d100000,0x000000a87d200000)]
  0x000001c6414981a0 JavaThread "Daemon" [_thread_blocked, id=17924, stack(0x000000a87d200000,0x000000a87d300000)]
  0x000001c641ad0100 JavaThread "Handler for socket connection from /127.0.0.1:61230 to /127.0.0.1:61231" [_thread_in_native, id=4800, stack(0x000000a87d300000,0x000000a87d400000)]
  0x000001c641dfe4b0 JavaThread "Cancel handler" [_thread_blocked, id=17712, stack(0x000000a87d400000,0x000000a87d500000)]
  0x000001c641e00820 JavaThread "Daemon worker" [_thread_blocked, id=12320, stack(0x000000a87d500000,0x000000a87d600000)]
  0x000001c641dfdfa0 JavaThread "Asynchronous log dispatcher for DefaultDaemonConnection: socket connection from /127.0.0.1:61230 to /127.0.0.1:61231" [_thread_blocked, id=2552, stack(0x000000a87d600000,0x000000a87d700000)]
  0x000001c641dfe9c0 JavaThread "Stdin handler" [_thread_blocked, id=22548, stack(0x000000a87d700000,0x000000a87d800000)]
  0x000001c641dff3e0 JavaThread "Daemon client event forwarder" [_thread_blocked, id=18096, stack(0x000000a87d800000,0x000000a87d900000)]
  0x000001c641dfd070 JavaThread "Cache worker for journal cache (C:\Users\88013\.gradle\caches\journal-1)" [_thread_blocked, id=13524, stack(0x000000a87da00000,0x000000a87db00000)]
  0x000001c641dfeed0 JavaThread "File lock request listener" [_thread_in_native, id=4592, stack(0x000000a87db00000,0x000000a87dc00000)]
  0x000001c641dff8f0 JavaThread "Cache worker for file hash cache (C:\Users\88013\.gradle\caches\8.1.1\fileHashes)" [_thread_blocked, id=17340, stack(0x000000a87dd00000,0x000000a87de00000)]
  0x000001c641e00310 JavaThread "File watcher server" daemon [_thread_in_native, id=19276, stack(0x000000a87de00000,0x000000a87df00000)]
  0x000001c641dfd580 JavaThread "File watcher consumer" daemon [_thread_blocked, id=11008, stack(0x000000a87df00000,0x000000a87e000000)]
  0x000001c641dfda90 JavaThread "Cache worker for checksums cache (C:\Users\88013\StudioProjects\intra_media\android\.gradle\8.1.1\checksums)" [_thread_blocked, id=20488, stack(0x000000a87e000000,0x000000a87e100000)]
  0x000001c641251570 JavaThread "Cache worker for cache directory md-rule (C:\Users\88013\.gradle\caches\8.1.1\md-rule)" [_thread_blocked, id=17160, stack(0x000000a87e100000,0x000000a87e200000)]
  0x000001c641250b50 JavaThread "Cache worker for file content cache (C:\Users\88013\.gradle\caches\8.1.1\fileContent)" [_thread_blocked, id=24452, stack(0x000000a87e200000,0x000000a87e300000)]
  0x000001c641250130 JavaThread "Cache worker for file hash cache (C:\Users\88013\StudioProjects\intra_media\android\.gradle\8.1.1\fileHashes)" [_thread_blocked, id=24372, stack(0x000000a87dc00000,0x000000a87dd00000)]
  0x000001c64124c470 JavaThread "Cache worker for cache directory md-supplier (C:\Users\88013\.gradle\caches\8.1.1\md-supplier)" [_thread_blocked, id=24192, stack(0x000000a87e300000,0x000000a87e400000)]
  0x000001c64124d3a0 JavaThread "Cache worker for execution history cache (C:\Users\88013\.gradle\caches\8.1.1\executionHistory)" [_thread_blocked, id=22984, stack(0x000000a87e400000,0x000000a87e500000)]
  0x000001c64124ddc0 JavaThread "jar transforms" [_thread_blocked, id=21980, stack(0x000000a87e700000,0x000000a87e800000)]
  0x000001c64124ecf0 JavaThread "Cache worker for kotlin-dsl (C:\Users\88013\.gradle\caches\8.1.1\kotlin-dsl)" [_thread_blocked, id=22932, stack(0x000000a87e800000,0x000000a87e900000)]
  0x000001c6412529b0 JavaThread "jar transforms Thread 2" [_thread_blocked, id=20732, stack(0x000000a87e900000,0x000000a87ea00000)]
  0x000001c6412533d0 JavaThread "jar transforms Thread 3" [_thread_blocked, id=24088, stack(0x000000a87ea00000,0x000000a87eb00000)]
  0x000001c641252ec0 JavaThread "Cache worker for dependencies-accessors (C:\Users\88013\StudioProjects\intra_media\android\.gradle\8.1.1\dependencies-accessors)" [_thread_blocked, id=18952, stack(0x000000a87eb00000,0x000000a87ec00000)]
  0x000001c641251060 JavaThread "Cache worker for Build Output Cleanup Cache (C:\flutter_windows_3.19.3-stable\flutter\packages\flutter_tools\gradle\.gradle\buildOutputCleanup)" [_thread_blocked, id=22868, stack(0x000000a87ec00000,0x000000a87ed00000)]
  0x000001c641253df0 JavaThread "jar transforms Thread 4" [_thread_blocked, id=19532, stack(0x000000a87ed00000,0x000000a87ee00000)]
  0x000001c641251f90 JavaThread "Memory manager" [_thread_blocked, id=18376, stack(0x000000a87ee00000,0x000000a87ef00000)]
  0x000001c6412538e0 JavaThread "included builds" [_thread_blocked, id=18160, stack(0x000000a87ef00000,0x000000a87f000000)]
  0x000001c64124c980 JavaThread "Execution worker" [_thread_blocked, id=4572, stack(0x000000a87f000000,0x000000a87f100000)]
  0x000001c64124e7e0 JavaThread "Execution worker Thread 2" [_thread_blocked, id=23212, stack(0x000000a87f100000,0x000000a87f200000)]
  0x000001c64124ce90 JavaThread "Execution worker Thread 3" [_thread_blocked, id=7512, stack(0x000000a87f200000,0x000000a87f300000)]
  0x000001c64124d8b0 JavaThread "Cache worker for execution history cache (C:\flutter_windows_3.19.3-stable\flutter\packages\flutter_tools\gradle\.gradle\8.1.1\executionHistory)" [_thread_blocked, id=21080, stack(0x000000a87f300000,0x000000a87f400000)]
  0x000001c64124f200 JavaThread "Unconstrained build operations" [_thread_blocked, id=20984, stack(0x000000a87f400000,0x000000a87f500000)]
  0x000001c64124fc20 JavaThread "Unconstrained build operations Thread 2" [_thread_blocked, id=13896, stack(0x000000a87f500000,0x000000a87f600000)]
  0x000001c644f309a0 JavaThread "Unconstrained build operations Thread 3" [_thread_blocked, id=23592, stack(0x000000a87f600000,0x000000a87f700000)]
  0x000001c644f2f050 JavaThread "Unconstrained build operations Thread 4" [_thread_blocked, id=19892, stack(0x000000a87f700000,0x000000a87f800000)]
  0x000001c644f318d0 JavaThread "Unconstrained build operations Thread 5" [_thread_blocked, id=17348, stack(0x000000a87f800000,0x000000a87f900000)]
  0x000001c644f313c0 JavaThread "Unconstrained build operations Thread 6" [_thread_blocked, id=22336, stack(0x000000a87f900000,0x000000a87fa00000)]
  0x000001c644f322f0 JavaThread "Cache worker for Build Output Cleanup Cache (C:\Users\88013\StudioProjects\intra_media\android\.gradle\buildOutputCleanup)" [_thread_blocked, id=14688, stack(0x000000a87e500000,0x000000a87e600000)]
  0x000001c643b52570 JavaThread "C2 CompilerThread1" daemon [_thread_in_native, id=24336, stack(0x000000a87fc00000,0x000000a87fd00000)]

Other Threads:
=>0x000001c63bd19ba0 VMThread "VM Thread" [stack: 0x000000a87bf00000,0x000000a87c000000] [id=18188]
  0x000001c6402c2c30 WatcherThread [stack: 0x000000a87cb00000,0x000000a87cc00000] [id=22368]
  0x000001c61db7c1c0 GCTaskThread "GC Thread#0" [stack: 0x000000a87ba00000,0x000000a87bb00000] [id=11744]
  0x000001c64046cd50 GCTaskThread "GC Thread#1" [stack: 0x000000a87cd00000,0x000000a87ce00000] [id=24376]
  0x000001c6406493d0 GCTaskThread "GC Thread#2" [stack: 0x000000a87ce00000,0x000000a87cf00000] [id=13764]
  0x000001c640e6cf00 GCTaskThread "GC Thread#3" [stack: 0x000000a87cf00000,0x000000a87d000000] [id=9136]
  0x000001c61db8e120 ConcurrentGCThread "G1 Main Marker" [stack: 0x000000a87bb00000,0x000000a87bc00000] [id=13664]
  0x000001c61db8f2e0 ConcurrentGCThread "G1 Conc#0" [stack: 0x000000a87bc00000,0x000000a87bd00000] [id=22820]
  0x000001c61dbcd440 ConcurrentGCThread "G1 Refine#0" [stack: 0x000000a87bd00000,0x000000a87be00000] [id=12808]
  0x000001c641656c10 ConcurrentGCThread "G1 Refine#1" [stack: 0x000000a87d900000,0x000000a87da00000] [id=15896]
  0x000001c642564cc0 ConcurrentGCThread "G1 Refine#2" [stack: 0x000000a87e600000,0x000000a87e700000] [id=23508]
  0x000001c61dbcde70 ConcurrentGCThread "G1 Service" [stack: 0x000000a87be00000,0x000000a87bf00000] [id=21256]

Threads with active compile tasks:
C2 CompilerThread0    43723 8467       4       org.objectweb.asm.MethodWriter::computeAllFrames (510 bytes)
C2 CompilerThread1    43723 8284       4       org.gradle.internal.instantiation.generator.AbstractClassGenerator::inspectType (560 bytes)

VM state: at safepoint (normal execution)

VM Mutex/Monitor currently owned by a thread:  ([mutex/lock_event])
[0x000001c61db0a8c0] Threads_lock - owner thread: 0x000001c63bd19ba0
[0x000001c61db0acb0] Heap_lock - owner thread: 0x000001c61db8e120

Heap address: 0x0000000700000000, size: 4096 MB, Compressed Oops mode: Zero based, Oop shift amount: 3

CDS archive(s) not mapped
Compressed class space mapped at: 0x0000000800000000-0x0000000840000000, reserved size: 1073741824
Narrow klass base: 0x0000000800000000, Narrow klass shift: 0, Narrow klass range: 0x40000000

GC Precious Log:
 CPUs: 4 total, 4 available
 Memory: 6030M
 Large Page Support: Disabled
 NUMA Support: Disabled
 Compressed Oops: Enabled (Zero based)
 Heap Region Size: 2M
 Heap Min Capacity: 8M
 Heap Initial Capacity: 96M
 Heap Max Capacity: 4G
 Pre-touch: Disabled
 Parallel Workers: 4
 Concurrent Workers: 1
 Concurrent Refinement Workers: 4
 Periodic GC: Disabled

Heap:
 garbage-first heap   total 122880K, used 72888K [0x0000000700000000, 0x0000000800000000)
  region size 2048K, 2 young (4096K), 1 survivors (2048K)
 Metaspace       used 80501K, committed 81152K, reserved 1179648K
  class space    used 10906K, committed 11200K, reserved 1048576K

Heap Regions: E=young(eden), S=young(survivor), O=old, HS=humongous(starts), HC=humongous(continues), CS=collection set, F=free, OA=open archive, CA=closed archive, TAMS=top-at-mark-start (previous, next)
|   0|0x0000000700000000, 0x0000000700200000, 0x0000000700200000|100%| O|  |TAMS 0x0000000700200000, 0x0000000700000000| Updating 
|   1|0x0000000700200000, 0x0000000700400000, 0x0000000700400000|100%|HS|  |TAMS 0x0000000700400000, 0x0000000700200000| Complete 
|   2|0x0000000700400000, 0x0000000700600000, 0x0000000700600000|100%|HC|  |TAMS 0x0000000700600000, 0x0000000700400000| Complete 
|   3|0x0000000700600000, 0x0000000700800000, 0x0000000700800000|100%| O|  |TAMS 0x0000000700800000, 0x0000000700600000| Untracked 
|   4|0x0000000700800000, 0x0000000700a00000, 0x0000000700a00000|100%| O|  |TAMS 0x0000000700a00000, 0x0000000700800000| Untracked 
|   5|0x0000000700a00000, 0x0000000700a39e00, 0x0000000700c00000| 11%| O|  |TAMS 0x0000000700a39e00, 0x0000000700a00000| Updating 
|   6|0x0000000700c00000, 0x0000000700e00000, 0x0000000700e00000|100%| O|  |TAMS 0x0000000700e00000, 0x0000000700c00000| Untracked 
|   7|0x0000000700e00000, 0x0000000701000000, 0x0000000701000000|100%| O|  |TAMS 0x0000000701000000, 0x0000000700e00000| Untracked 
|   8|0x0000000701000000, 0x0000000701200000, 0x0000000701200000|100%| O|  |TAMS 0x0000000701200000, 0x0000000701000000| Untracked 
|   9|0x0000000701200000, 0x0000000701400000, 0x0000000701400000|100%| O|  |TAMS 0x0000000701400000, 0x0000000701200000| Untracked 
|  10|0x0000000701400000, 0x0000000701600000, 0x0000000701600000|100%| O|  |TAMS 0x0000000701600000, 0x0000000701400000| Untracked 
|  11|0x0000000701600000, 0x0000000701800000, 0x0000000701800000|100%| O|  |TAMS 0x0000000701800000, 0x0000000701600000| Untracked 
|  12|0x0000000701800000, 0x0000000701a00000, 0x0000000701a00000|100%| O|  |TAMS 0x0000000701a00000, 0x0000000701800000| Updating 
|  13|0x0000000701a00000, 0x0000000701c00000, 0x0000000701c00000|100%| O|  |TAMS 0x0000000701c00000, 0x0000000701a00000| Untracked 
|  14|0x0000000701c00000, 0x0000000701e00000, 0x0000000701e00000|100%| O|  |TAMS 0x0000000701e00000, 0x0000000701c00000| Untracked 
|  15|0x0000000701e00000, 0x0000000702000000, 0x0000000702000000|100%| O|  |TAMS 0x0000000702000000, 0x0000000701e00000| Untracked 
|  16|0x0000000702000000, 0x0000000702200000, 0x0000000702200000|100%| O|  |TAMS 0x0000000702200000, 0x0000000702000000| Untracked 
|  17|0x0000000702200000, 0x0000000702400000, 0x0000000702400000|100%| O|  |TAMS 0x0000000702400000, 0x0000000702200000| Untracked 
|  18|0x0000000702400000, 0x0000000702600000, 0x0000000702600000|100%| O|  |TAMS 0x0000000702600000, 0x0000000702400000| Untracked 
|  19|0x0000000702600000, 0x0000000702800000, 0x0000000702800000|100%| O|  |TAMS 0x0000000702800000, 0x0000000702600000| Untracked 
|  20|0x0000000702800000, 0x0000000702a00000, 0x0000000702a00000|100%| O|  |TAMS 0x0000000702a00000, 0x0000000702800000| Updating 
|  21|0x0000000702a00000, 0x0000000702c00000, 0x0000000702c00000|100%| O|  |TAMS 0x0000000702c00000, 0x0000000702a00000| Untracked 
|  22|0x0000000702c00000, 0x0000000702e00000, 0x0000000702e00000|100%| O|  |TAMS 0x0000000702e00000, 0x0000000702c00000| Untracked 
|  23|0x0000000702e00000, 0x0000000703000000, 0x0000000703000000|100%| O|  |TAMS 0x0000000703000000, 0x0000000702e00000| Updating 
|  24|0x0000000703000000, 0x0000000703200000, 0x0000000703200000|100%|HS|  |TAMS 0x0000000703200000, 0x0000000703000000| Complete 
|  25|0x0000000703200000, 0x0000000703400000, 0x0000000703400000|100%|HC|  |TAMS 0x0000000703400000, 0x0000000703200000| Complete 
|  26|0x0000000703400000, 0x0000000703600000, 0x0000000703600000|100%| O|  |TAMS 0x0000000703600000, 0x0000000703400000| Untracked 
|  27|0x0000000703600000, 0x0000000703800000, 0x0000000703800000|100%| O|  |TAMS 0x0000000703800000, 0x0000000703600000| Updating 
|  28|0x0000000703800000, 0x0000000703a00000, 0x0000000703a00000|100%|HS|  |TAMS 0x0000000703a00000, 0x0000000703800000| Complete 
|  29|0x0000000703a00000, 0x0000000703c00000, 0x0000000703c00000|100%| O|  |TAMS 0x0000000703c00000, 0x0000000703a00000| Untracked 
|  30|0x0000000703c00000, 0x0000000703e00000, 0x0000000703e00000|100%| O|  |TAMS 0x0000000703e00000, 0x0000000703c00000| Untracked 
|  31|0x0000000703e00000, 0x0000000704000000, 0x0000000704000000|100%| O|  |TAMS 0x0000000704000000, 0x0000000703e00000| Untracked 
|  32|0x0000000704000000, 0x0000000704200000, 0x0000000704200000|100%| O|  |TAMS 0x0000000704200000, 0x0000000704000000| Untracked 
|  33|0x0000000704200000, 0x0000000704400000, 0x0000000704400000|100%| O|  |TAMS 0x0000000704400000, 0x0000000704200000| Untracked 
|  34|0x0000000704400000, 0x0000000704600000, 0x0000000704600000|100%| O|  |TAMS 0x0000000704450200, 0x0000000704400000| Untracked 
|  35|0x0000000704600000, 0x000000070477e800, 0x0000000704800000| 74%| O|  |TAMS 0x0000000704600000, 0x0000000704600000| Updating 
|  36|0x0000000704800000, 0x0000000704800000, 0x0000000704a00000|  0%| F|  |TAMS 0x0000000704800000, 0x0000000704800000| Untracked 
|  37|0x0000000704a00000, 0x0000000704a00000, 0x0000000704c00000|  0%| F|  |TAMS 0x0000000704a00000, 0x0000000704a00000| Untracked 
|  38|0x0000000704c00000, 0x0000000704c00000, 0x0000000704e00000|  0%| F|  |TAMS 0x0000000704c00000, 0x0000000704c00000| Untracked 
|  39|0x0000000704e00000, 0x0000000704e00000, 0x0000000705000000|  0%| F|  |TAMS 0x0000000704e00000, 0x0000000704e00000| Untracked 
|  40|0x0000000705000000, 0x0000000705000000, 0x0000000705200000|  0%| F|  |TAMS 0x0000000705000000, 0x0000000705000000| Untracked 
|  41|0x0000000705200000, 0x0000000705200000, 0x0000000705400000|  0%| F|  |TAMS 0x0000000705200000, 0x0000000705200000| Untracked 
|  42|0x0000000705400000, 0x0000000705400000, 0x0000000705600000|  0%| F|  |TAMS 0x0000000705400000, 0x0000000705400000| Untracked 
|  43|0x0000000705600000, 0x0000000705600000, 0x0000000705800000|  0%| F|  |TAMS 0x0000000705600000, 0x0000000705600000| Untracked 
|  44|0x0000000705800000, 0x0000000705800000, 0x0000000705a00000|  0%| F|  |TAMS 0x0000000705800000, 0x0000000705800000| Untracked 
|  45|0x0000000705a00000, 0x0000000705a00000, 0x0000000705c00000|  0%| F|  |TAMS 0x0000000705a00000, 0x0000000705a00000| Untracked 
|  46|0x0000000705c00000, 0x0000000705c00000, 0x0000000705e00000|  0%| F|  |TAMS 0x0000000705c00000, 0x0000000705c00000| Untracked 
|  47|0x0000000705e00000, 0x0000000705e00000, 0x0000000706000000|  0%| F|  |TAMS 0x0000000705e00000, 0x0000000705e00000| Untracked 
|  48|0x0000000706000000, 0x0000000706175aa0, 0x0000000706200000| 72%| S|CS|TAMS 0x0000000706000000, 0x0000000706000000| Complete 
|  49|0x0000000706200000, 0x0000000706200000, 0x0000000706400000|  0%| F|  |TAMS 0x0000000706200000, 0x0000000706200000| Untracked 
|  50|0x0000000706400000, 0x0000000706400000, 0x0000000706600000|  0%| F|  |TAMS 0x0000000706400000, 0x0000000706400000| Untracked 
|  51|0x0000000706600000, 0x0000000706600000, 0x0000000706800000|  0%| F|  |TAMS 0x0000000706600000, 0x0000000706600000| Untracked 
|  52|0x0000000706800000, 0x0000000706800000, 0x0000000706a00000|  0%| F|  |TAMS 0x0000000706800000, 0x0000000706800000| Untracked 
|  53|0x0000000706a00000, 0x0000000706a00000, 0x0000000706c00000|  0%| F|  |TAMS 0x0000000706a00000, 0x0000000706a00000| Untracked 
|  54|0x0000000706c00000, 0x0000000706c00000, 0x0000000706e00000|  0%| F|  |TAMS 0x0000000706c00000, 0x0000000706c00000| Untracked 
|  55|0x0000000706e00000, 0x0000000706e00000, 0x0000000707000000|  0%| F|  |TAMS 0x0000000706e00000, 0x0000000706e00000| Untracked 
|  56|0x0000000707000000, 0x0000000707000000, 0x0000000707200000|  0%| F|  |TAMS 0x0000000707000000, 0x0000000707000000| Untracked 
|  57|0x0000000707200000, 0x0000000707200000, 0x0000000707400000|  0%| F|  |TAMS 0x0000000707200000, 0x0000000707200000| Untracked 
|  58|0x0000000707400000, 0x0000000707400000, 0x0000000707600000|  0%| F|  |TAMS 0x0000000707400000, 0x0000000707400000| Untracked 
|  59|0x0000000707600000, 0x00000007077e67a0, 0x0000000707800000| 95%| E|  |TAMS 0x0000000707600000, 0x0000000707600000| Complete 

Card table byte_map: [0x000001c6307f0000,0x000001c630ff0000] _byte_map_base: 0x000001c62cff0000

Marking Bits (Prev, Next): (CMBitMap*) 0x000001c61db7c820, (CMBitMap*) 0x000001c61db7c7e0
 Prev Bits: [0x000001c6357f0000, 0x000001c6397f0000)
 Next Bits: [0x000001c6317f0000, 0x000001c6357f0000)

Polling page: 0x000001c61ba90000

Metaspace:

Usage:
  Non-class:     67.96 MB used.
      Class:     10.65 MB used.
       Both:     78.61 MB used.

Virtual space:
  Non-class space:      128.00 MB reserved,      68.31 MB ( 53%) committed,  2 nodes.
      Class space:        1.00 GB reserved,      10.94 MB (  1%) committed,  1 nodes.
             Both:        1.12 GB reserved,      79.25 MB (  7%) committed. 

Chunk freelists:
   Non-Class:  10.91 MB
       Class:  4.89 MB
        Both:  15.80 MB

MaxMetaspaceSize: unlimited
CompressedClassSpaceSize: 1.00 GB
Initial GC threshold: 21.00 MB
Current GC threshold: 128.06 MB
CDS: off
MetaspaceReclaimPolicy: balanced
 - commit_granule_bytes: 65536.
 - commit_granule_words: 8192.
 - virtual_space_node_default_size: 8388608.
 - enlarge_chunks_in_place: 1.
 - new_chunks_are_fully_committed: 0.
 - uncommit_free_chunks: 1.
 - use_allocation_guard: 0.
 - handle_deallocations: 1.


Internal statistics:

num_allocs_failed_limit: 9.
num_arena_births: 760.
num_arena_deaths: 0.
num_vsnodes_births: 3.
num_vsnodes_deaths: 0.
num_space_committed: 1268.
num_space_uncommitted: 0.
num_chunks_returned_to_freelist: 9.
num_chunks_taken_from_freelist: 3561.
num_chunk_merges: 9.
num_chunk_splits: 2405.
num_chunks_enlarged: 1680.
num_inconsistent_stats: 0.

CodeHeap 'non-profiled nmethods': size=120000Kb used=4844Kb max_used=4844Kb free=115155Kb
 bounds [0x000001c628ac0000, 0x000001c628f80000, 0x000001c62fff0000]
CodeHeap 'profiled nmethods': size=120000Kb used=15188Kb max_used=15188Kb free=104811Kb
 bounds [0x000001c620ff0000, 0x000001c621ed0000, 0x000001c628520000]
CodeHeap 'non-nmethods': size=5760Kb used=2370Kb max_used=2415Kb free=3389Kb
 bounds [0x000001c628520000, 0x000001c628790000, 0x000001c628ac0000]
 total_blobs=8550 nmethods=7654 adapters=808
 compilation: enabled
              stopped_count=0, restarted_count=0
 full_count=0

Compilation events (20 events):
Event: 43.535 Thread 0x000001c63bd3de00 8461       3       org.objectweb.asm.commons.GeneratorAdapter::getArgIndex (43 bytes)
Event: 43.536 Thread 0x000001c63bd3de00 nmethod 8461 0x000001c621ebcb10 code [0x000001c621ebccc0, 0x000001c621ebcf88]
Event: 43.537 Thread 0x000001c63bd3de00 8462       3       org.objectweb.asm.commons.LocalVariablesSorter::<init> (97 bytes)
Event: 43.538 Thread 0x000001c63bd3de00 nmethod 8462 0x000001c621ebd110 code [0x000001c621ebd2e0, 0x000001c621ebd808]
Event: 43.539 Thread 0x000001c63bd3de00 8463       3       org.objectweb.asm.MethodWriter::computeMethodInfoSize (571 bytes)
Event: 43.542 Thread 0x000001c63bd3de00 nmethod 8463 0x000001c621ebda10 code [0x000001c621ebdd40, 0x000001c621ebeda8]
Event: 43.542 Thread 0x000001c63bd3de00 8464       3       org.objectweb.asm.MethodWriter::hasFrames (13 bytes)
Event: 43.543 Thread 0x000001c63bd3de00 nmethod 8464 0x000001c621ebf490 code [0x000001c621ebf620, 0x000001c621ebf798]
Event: 43.543 Thread 0x000001c63bd3de00 8465       3       org.objectweb.asm.MethodWriter::putMethodInfo (1274 bytes)
Event: 43.553 Thread 0x000001c63bd3de00 nmethod 8465 0x000001c621ebf810 code [0x000001c621ebfee0, 0x000001c621ec2888]
Event: 43.570 Thread 0x000001c63bd3d350 nmethod 8433 0x000001c628f77b90 code [0x000001c628f77de0, 0x000001c628f79750]
Event: 43.570 Thread 0x000001c63bd3d350 8466       4       com.google.common.collect.RegularImmutableSet::iterator (5 bytes)
Event: 43.574 Thread 0x000001c63bd3d350 nmethod 8466 0x000001c628f7a310 code [0x000001c628f7a4a0, 0x000001c628f7a638]
Event: 43.574 Thread 0x000001c63bd3d350 8436       4       java.lang.reflect.Constructor::newInstanceWithCaller (75 bytes)
Event: 43.589 Thread 0x000001c63bd3d350 nmethod 8436 0x000001c628f7a790 code [0x000001c628f7a940, 0x000001c628f7aec8]
Event: 43.602 Thread 0x000001c63bd3d350 8467       4       org.objectweb.asm.MethodWriter::computeAllFrames (510 bytes)
Event: 43.610 Thread 0x000001c63bd3de00 8469       3       org.gradle.internal.instantiation.generator.AsmBackedClassGenerator$ClassBuilderImpl$34::<init> (64 bytes)
Event: 43.612 Thread 0x000001c63bd3de00 nmethod 8469 0x000001c621ec3b90 code [0x000001c621ec3de0, 0x000001c621ec4918]
Event: 43.620 Thread 0x000001c63bd3de00 8470       3       org.gradle.internal.instantiation.generator.AsmBackedClassGenerator$ClassBuilderImpl::lambda$addSetMethod$33 (15 bytes)
Event: 43.621 Thread 0x000001c63bd3de00 nmethod 8470 0x000001c621ec4d10 code [0x000001c621ec4ec0, 0x000001c621ec5088]

GC Heap History (20 events):
Event: 31.319 GC heap before
{Heap before GC invocations=22 (full 0):
 garbage-first heap   total 92160K, used 50250K [0x0000000700000000, 0x0000000800000000)
  region size 2048K, 8 young (16384K), 3 survivors (6144K)
 Metaspace       used 67463K, committed 67968K, reserved 1114112K
  class space    used 9314K, committed 9536K, reserved 1048576K
}
Event: 31.334 GC heap after
{Heap after GC invocations=23 (full 0):
 garbage-first heap   total 92160K, used 49802K [0x0000000700000000, 0x0000000800000000)
  region size 2048K, 2 young (4096K), 2 survivors (4096K)
 Metaspace       used 67463K, committed 67968K, reserved 1114112K
  class space    used 9314K, committed 9536K, reserved 1048576K
}
Event: 31.771 GC heap before
{Heap before GC invocations=24 (full 0):
 garbage-first heap   total 100352K, used 53898K [0x0000000700000000, 0x0000000800000000)
  region size 2048K, 4 young (8192K), 2 survivors (4096K)
 Metaspace       used 67463K, committed 67968K, reserved 1114112K
  class space    used 9314K, committed 9536K, reserved 1048576K
}
Event: 31.779 GC heap after
{Heap after GC invocations=25 (full 0):
 garbage-first heap   total 100352K, used 56625K [0x0000000700000000, 0x0000000800000000)
  region size 2048K, 2 young (4096K), 2 survivors (4096K)
 Metaspace       used 67463K, committed 67968K, reserved 1114112K
  class space    used 9314K, committed 9536K, reserved 1048576K
}
Event: 33.757 GC heap before
{Heap before GC invocations=26 (full 0):
 garbage-first heap   total 110592K, used 70961K [0x0000000700000000, 0x0000000800000000)
  region size 2048K, 8 young (16384K), 2 survivors (4096K)
 Metaspace       used 68027K, committed 68544K, reserved 1114112K
  class space    used 9382K, committed 9600K, reserved 1048576K
}
Event: 33.764 GC heap after
{Heap after GC invocations=27 (full 0):
 garbage-first heap   total 110592K, used 61329K [0x0000000700000000, 0x0000000800000000)
  region size 2048K, 1 young (2048K), 1 survivors (2048K)
 Metaspace       used 68027K, committed 68544K, reserved 1114112K
  class space    used 9382K, committed 9600K, reserved 1048576K
}
Event: 34.715 GC heap before
{Heap before GC invocations=27 (full 0):
 garbage-first heap   total 110592K, used 75665K [0x0000000700000000, 0x0000000800000000)
  region size 2048K, 9 young (18432K), 1 survivors (2048K)
 Metaspace       used 68989K, committed 69504K, reserved 1114112K
  class space    used 9508K, committed 9728K, reserved 1048576K
}
Event: 34.723 GC heap after
{Heap after GC invocations=28 (full 0):
 garbage-first heap   total 110592K, used 65014K [0x0000000700000000, 0x0000000800000000)
  region size 2048K, 2 young (4096K), 2 survivors (4096K)
 Metaspace       used 68989K, committed 69504K, reserved 1114112K
  class space    used 9508K, committed 9728K, reserved 1048576K
}
Event: 35.333 GC heap before
{Heap before GC invocations=29 (full 0):
 garbage-first heap   total 122880K, used 77302K [0x0000000700000000, 0x0000000800000000)
  region size 2048K, 9 young (18432K), 2 survivors (4096K)
 Metaspace       used 70024K, committed 70592K, reserved 1114112K
  class space    used 9646K, committed 9920K, reserved 1048576K
}
Event: 35.339 GC heap after
{Heap after GC invocations=30 (full 0):
 garbage-first heap   total 122880K, used 65788K [0x0000000700000000, 0x0000000800000000)
  region size 2048K, 1 young (2048K), 1 survivors (2048K)
 Metaspace       used 70024K, committed 70592K, reserved 1114112K
  class space    used 9646K, committed 9920K, reserved 1048576K
}
Event: 36.387 GC heap before
{Heap before GC invocations=30 (full 0):
 garbage-first heap   total 122880K, used 88316K [0x0000000700000000, 0x0000000800000000)
  region size 2048K, 12 young (24576K), 1 survivors (2048K)
 Metaspace       used 72042K, committed 72704K, reserved 1114112K
  class space    used 9912K, committed 10240K, reserved 1048576K
}
Event: 36.392 GC heap after
{Heap after GC invocations=31 (full 0):
 garbage-first heap   total 122880K, used 66429K [0x0000000700000000, 0x0000000800000000)
  region size 2048K, 1 young (2048K), 1 survivors (2048K)
 Metaspace       used 72042K, committed 72704K, reserved 1114112K
  class space    used 9912K, committed 10240K, reserved 1048576K
}
Event: 38.330 GC heap before
{Heap before GC invocations=32 (full 0):
 garbage-first heap   total 122880K, used 88957K [0x0000000700000000, 0x0000000800000000)
  region size 2048K, 13 young (26624K), 1 survivors (2048K)
 Metaspace       used 74945K, committed 75456K, reserved 1114112K
  class space    used 10222K, committed 10432K, reserved 1048576K
}
Event: 38.336 GC heap after
{Heap after GC invocations=33 (full 0):
 garbage-first heap   total 122880K, used 66909K [0x0000000700000000, 0x0000000800000000)
  region size 2048K, 2 young (4096K), 2 survivors (4096K)
 Metaspace       used 74945K, committed 75456K, reserved 1114112K
  class space    used 10222K, committed 10432K, reserved 1048576K
}
Event: 40.738 GC heap before
{Heap before GC invocations=33 (full 0):
 garbage-first heap   total 122880K, used 91485K [0x0000000700000000, 0x0000000800000000)
  region size 2048K, 14 young (28672K), 2 survivors (4096K)
 Metaspace       used 77926K, committed 78592K, reserved 1179648K
  class space    used 10556K, committed 10880K, reserved 1048576K
}
Event: 40.750 GC heap after
{Heap after GC invocations=34 (full 0):
 garbage-first heap   total 122880K, used 69025K [0x0000000700000000, 0x0000000800000000)
  region size 2048K, 2 young (4096K), 2 survivors (4096K)
 Metaspace       used 77926K, committed 78592K, reserved 1179648K
  class space    used 10556K, committed 10880K, reserved 1048576K
}
Event: 41.939 GC heap before
{Heap before GC invocations=35 (full 0):
 garbage-first heap   total 122880K, used 93601K [0x0000000700000000, 0x0000000800000000)
  region size 2048K, 15 young (30720K), 2 survivors (4096K)
 Metaspace       used 78700K, committed 79360K, reserved 1179648K
  class space    used 10679K, committed 11008K, reserved 1048576K
}
Event: 41.952 GC heap after
{Heap after GC invocations=36 (full 0):
 garbage-first heap   total 122880K, used 71567K [0x0000000700000000, 0x0000000800000000)
  region size 2048K, 2 young (4096K), 2 survivors (4096K)
 Metaspace       used 78700K, committed 79360K, reserved 1179648K
  class space    used 10679K, committed 11008K, reserved 1048576K
}
Event: 43.370 GC heap before
{Heap before GC invocations=36 (full 0):
 garbage-first heap   total 122880K, used 94095K [0x0000000700000000, 0x0000000800000000)
  region size 2048K, 13 young (26624K), 2 survivors (4096K)
 Metaspace       used 80362K, committed 81024K, reserved 1179648K
  class space    used 10896K, committed 11200K, reserved 1048576K
}
Event: 43.378 GC heap after
{Heap after GC invocations=37 (full 0):
 garbage-first heap   total 122880K, used 72888K [0x0000000700000000, 0x0000000800000000)
  region size 2048K, 1 young (2048K), 1 survivors (2048K)
 Metaspace       used 80362K, committed 81024K, reserved 1179648K
  class space    used 10896K, committed 11200K, reserved 1048576K
}

Dll operation events (3 events):
Event: 0.020 Loaded shared library C:\Program Files\Android\Android Studio1\jbr\bin\java.dll
Event: 0.385 Loaded shared library C:\Program Files\Android\Android Studio1\jbr\bin\zip.dll
Event: 1.549 Loaded shared library C:\Program Files\Android\Android Studio1\jbr\bin\verify.dll

Deoptimization events (20 events):
Event: 42.021 Thread 0x000001c641e00820 DEOPT PACKING pc=0x000001c628b407d4 sp=0x000000a87d5f2440
Event: 42.021 Thread 0x000001c641e00820 DEOPT UNPACKING pc=0x000001c6285769a3 sp=0x000000a87d5f2308 mode 2
Event: 42.121 Thread 0x000001c641e00820 Uncommon trap: trap_request=0xffffffc6 fr.pc=0x000001c628e8db18 relative=0x0000000000000058
Event: 42.121 Thread 0x000001c641e00820 Uncommon trap: reason=bimorphic_or_optimized_type_check action=maybe_recompile pc=0x000001c628e8db18 method=java.util.AbstractQueue.add(Ljava/lang/Object;)Z @ 2 c2
Event: 42.121 Thread 0x000001c641e00820 DEOPT PACKING pc=0x000001c628e8db18 sp=0x000000a87d5f26b0
Event: 42.121 Thread 0x000001c641e00820 DEOPT UNPACKING pc=0x000001c6285769a3 sp=0x000000a87d5f2678 mode 2
Event: 42.121 Thread 0x000001c641e00820 Uncommon trap: trap_request=0xffffffc6 fr.pc=0x000001c628e8db18 relative=0x0000000000000058
Event: 42.121 Thread 0x000001c641e00820 Uncommon trap: reason=bimorphic_or_optimized_type_check action=maybe_recompile pc=0x000001c628e8db18 method=java.util.AbstractQueue.add(Ljava/lang/Object;)Z @ 2 c2
Event: 42.121 Thread 0x000001c641e00820 DEOPT PACKING pc=0x000001c628e8db18 sp=0x000000a87d5f26b0
Event: 42.121 Thread 0x000001c641e00820 DEOPT UNPACKING pc=0x000001c6285769a3 sp=0x000000a87d5f2678 mode 2
Event: 42.201 Thread 0x000001c641e00820 Uncommon trap: trap_request=0xffffff45 fr.pc=0x000001c628b63fdc relative=0x000000000000067c
Event: 42.201 Thread 0x000001c641e00820 Uncommon trap: reason=unstable_if action=reinterpret pc=0x000001c628b63fdc method=java.lang.CharacterDataLatin1.isUpperCase(I)Z @ 7 c2
Event: 42.201 Thread 0x000001c641e00820 DEOPT PACKING pc=0x000001c628b63fdc sp=0x000000a87d5f13d0
Event: 42.201 Thread 0x000001c641e00820 DEOPT UNPACKING pc=0x000001c6285769a3 sp=0x000000a87d5f1288 mode 2
Event: 42.425 Thread 0x000001c641e00820 DEOPT PACKING pc=0x000001c6219c08ce sp=0x000000a87d5f0840
Event: 42.425 Thread 0x000001c641e00820 DEOPT UNPACKING pc=0x000001c628577143 sp=0x000000a87d5efde0 mode 0
Event: 42.957 Thread 0x000001c641e00820 DEOPT PACKING pc=0x000001c6219c08ce sp=0x000000a87d5f16d0
Event: 42.957 Thread 0x000001c641e00820 DEOPT UNPACKING pc=0x000001c628577143 sp=0x000000a87d5f0c70 mode 0
Event: 43.568 Thread 0x000001c641e00820 DEOPT PACKING pc=0x000001c6219c08ce sp=0x000000a87d5f16d0
Event: 43.568 Thread 0x000001c641e00820 DEOPT UNPACKING pc=0x000001c628577143 sp=0x000000a87d5f0c70 mode 0

Classes unloaded (0 events):
No events

Classes redefined (0 events):
No events

Internal exceptions (20 events):
Event: 33.420 Thread 0x000001c641e00820 Exception <a 'java/lang/ClassNotFoundException'{0x00000007067d0490}: java/util/ArrayListBeanInfo> (0x00000007067d0490) 
thrown [s\src\hotspot\share\classfile\systemDictionary.cpp, line 256]
Event: 33.421 Thread 0x000001c641e00820 Exception <a 'java/lang/ClassNotFoundException'{0x00000007067d6f40}: java/util/AbstractListBeanInfo> (0x00000007067d6f40) 
thrown [s\src\hotspot\share\classfile\systemDictionary.cpp, line 256]
Event: 33.422 Thread 0x000001c641e00820 Exception <a 'java/lang/ClassNotFoundException'{0x00000007067ddc48}: java/util/AbstractListCustomizer> (0x00000007067ddc48) 
thrown [s\src\hotspot\share\classfile\systemDictionary.cpp, line 256]
Event: 33.438 Thread 0x000001c641e00820 Exception <a 'java/lang/ClassNotFoundException'{0x00000007067efc78}: java/util/ArrayListCustomizer> (0x00000007067efc78) 
thrown [s\src\hotspot\share\classfile\systemDictionary.cpp, line 256]
Event: 33.489 Thread 0x000001c641e00820 Exception <a 'java/lang/ClassNotFoundException'{0x0000000706560970}: java/lang/StringBeanInfo> (0x0000000706560970) 
thrown [s\src\hotspot\share\classfile\systemDictionary.cpp, line 256]
Event: 33.490 Thread 0x000001c641e00820 Exception <a 'java/lang/ClassNotFoundException'{0x0000000706567e68}: java/lang/StringCustomizer> (0x0000000706567e68) 
thrown [s\src\hotspot\share\classfile\systemDictionary.cpp, line 256]
Event: 33.561 Thread 0x000001c641e00820 Exception <a 'java/lang/ClassNotFoundException'{0x00000007062118d0}: settings_akm618yt0uud91233gnvnz5ibBeanInfo> (0x00000007062118d0) 
thrown [s\src\hotspot\share\classfile\systemDictionary.cpp, line 256]
Event: 33.568 Thread 0x000001c641e00820 Exception <a 'java/lang/ClassNotFoundException'{0x0000000706218130}: settings_akm618yt0uud91233gnvnz5ibCustomizer> (0x0000000706218130) 
thrown [s\src\hotspot\share\classfile\systemDictionary.cpp, line 256]
Event: 33.768 Thread 0x000001c641e00820 Exception <a 'java/lang/ClassNotFoundException'{0x0000000706a21d28}: build_5vf56lux7j0q3b1r48nkcwxjnBeanInfo> (0x0000000706a21d28) 
thrown [s\src\hotspot\share\classfile\systemDictionary.cpp, line 256]
Event: 33.769 Thread 0x000001c641e00820 Exception <a 'java/lang/ClassNotFoundException'{0x0000000706a2c398}: org/gradle/api/internal/project/ProjectScriptBeanInfo> (0x0000000706a2c398) 
thrown [s\src\hotspot\share\classfile\systemDictionary.cpp, line 256]
Event: 33.770 Thread 0x000001c641e00820 Exception <a 'java/lang/ClassNotFoundException'{0x0000000706a36a68}: org/gradle/api/internal/project/ProjectScriptCustomizer> (0x0000000706a36a68) 
thrown [s\src\hotspot\share\classfile\systemDictionary.cpp, line 256]
Event: 33.772 Thread 0x000001c641e00820 Exception <a 'java/lang/ClassNotFoundException'{0x0000000706a4e1f0}: build_5vf56lux7j0q3b1r48nkcwxjnCustomizer> (0x0000000706a4e1f0) 
thrown [s\src\hotspot\share\classfile\systemDictionary.cpp, line 256]
Event: 33.799 Thread 0x000001c641e00820 Exception <a 'java/lang/ClassNotFoundException'{0x0000000706b49458}: org/gradle/api/internal/project/DefaultProject_DecoratedBeanInfo> (0x0000000706b49458) 
thrown [s\src\hotspot\share\classfile\systemDictionary.cpp, line 256]
Event: 33.817 Thread 0x000001c641e00820 Exception <a 'java/lang/ClassNotFoundException'{0x0000000706b5b648}: org/gradle/api/internal/project/DefaultProjectBeanInfo> (0x0000000706b5b648) 
thrown [s\src\hotspot\share\classfile\systemDictionary.cpp, line 256]
Event: 33.819 Thread 0x000001c641e00820 Exception <a 'java/lang/ClassNotFoundException'{0x0000000706b6d6b8}: org/gradle/api/internal/project/DefaultProjectCustomizer> (0x0000000706b6d6b8) 
thrown [s\src\hotspot\share\classfile\systemDictionary.cpp, line 256]
Event: 33.836 Thread 0x000001c641e00820 Exception <a 'java/lang/ClassNotFoundException'{0x000000070681bb00}: org/gradle/api/internal/project/DefaultProject_DecoratedCustomizer> (0x000000070681bb00) 
thrown [s\src\hotspot\share\classfile\systemDictionary.cpp, line 256]
Event: 34.088 Thread 0x000001c641e00820 Exception <a 'java/lang/ClassNotFoundException'{0x00000007069cbb08}: build_6yh6krfljzq35ryjpmvb07s2oBeanInfo> (0x00000007069cbb08) 
thrown [s\src\hotspot\share\classfile\systemDictionary.cpp, line 256]
Event: 34.089 Thread 0x000001c641e00820 Exception <a 'java/lang/ClassNotFoundException'{0x00000007069d7658}: build_6yh6krfljzq35ryjpmvb07s2oCustomizer> (0x00000007069d7658) 
thrown [s\src\hotspot\share\classfile\systemDictionary.cpp, line 256]
Event: 40.592 Thread 0x000001c641e00820 Implicit null exception at 0x000001c628c6be8c to 0x000001c628c6bfbe
Event: 41.491 Thread 0x000001c641e00820 Exception <a 'sun/nio/fs/WindowsException'{0x00000007064675e0}> (0x00000007064675e0) 
thrown [s\src\hotspot\share\prims\jni.cpp, line 517]

VM Operations (20 events):
Event: 39.800 Executing VM operation: HandshakeAllThreads done
Event: 40.472 Executing VM operation: HandshakeAllThreads
Event: 40.473 Executing VM operation: HandshakeAllThreads done
Event: 40.473 Executing VM operation: Cleanup
Event: 40.473 Executing VM operation: Cleanup done
Event: 40.622 Executing VM operation: HandshakeAllThreads
Event: 40.622 Executing VM operation: HandshakeAllThreads done
Event: 40.738 Executing VM operation: G1CollectForAllocation
Event: 40.750 Executing VM operation: G1CollectForAllocation done
Event: 40.981 Executing VM operation: G1PauseRemark
Event: 40.989 Executing VM operation: G1PauseRemark done
Event: 41.088 Executing VM operation: G1PauseCleanup
Event: 41.088 Executing VM operation: G1PauseCleanup done
Event: 41.939 Executing VM operation: G1CollectForAllocation
Event: 41.955 Executing VM operation: G1CollectForAllocation done
Event: 42.966 Executing VM operation: Cleanup
Event: 42.967 Executing VM operation: Cleanup done
Event: 43.370 Executing VM operation: G1CollectForAllocation
Event: 43.378 Executing VM operation: G1CollectForAllocation done
Event: 43.626 Executing VM operation: G1PauseRemark

Events (20 events):
Event: 40.773 loading class sun/security/rsa/RSASignature$SHA256withRSA
Event: 40.773 loading class sun/security/rsa/RSASignature$SHA256withRSA done
Event: 40.790 loading class sun/security/provider/DSA$SHA256withDSA
Event: 40.790 loading class sun/security/provider/DSA$SHA256withDSA done
Event: 40.875 loading class java/util/Base64
Event: 40.876 loading class java/util/Base64 done
Event: 40.876 loading class java/util/Base64$Decoder
Event: 40.939 loading class java/util/Base64$Decoder done
Event: 40.939 loading class java/util/Base64$Encoder
Event: 40.939 loading class java/util/Base64$Encoder done
Event: 40.942 loading class java/util/jar/JarVerifier$VerifierStream
Event: 40.942 loading class java/util/jar/JarVerifier$VerifierStream done
Event: 40.942 loading class sun/security/util/ManifestEntryVerifier$SunProviderHolder
Event: 40.942 loading class sun/security/util/ManifestEntryVerifier$SunProviderHolder done
Event: 41.379 loading class java/security/KeyStore$ProtectionParameter
Event: 41.379 loading class java/security/KeyStore$ProtectionParameter done
Event: 43.337 loading class java/security/KeyStore
Event: 43.338 loading class java/security/KeyStore done
Event: 43.338 loading class java/security/KeyStore$1
Event: 43.339 loading class java/security/KeyStore$1 done


Dynamic libraries:
0x00007ff633ac0000 - 0x00007ff633aca000 	C:\Program Files\Android\Android Studio1\jbr\bin\java.exe
0x00007ff98e780000 - 0x00007ff98e989000 	C:\Windows\SYSTEM32\ntdll.dll
0x00007ff98d270000 - 0x00007ff98d32d000 	C:\Windows\System32\KERNEL32.DLL
0x00007ff98c290000 - 0x00007ff98c609000 	C:\Windows\System32\KERNELBASE.dll
0x00007ff98c030000 - 0x00007ff98c141000 	C:\Windows\System32\ucrtbase.dll
0x00007ff971230000 - 0x00007ff97124b000 	C:\Program Files\Android\Android Studio1\jbr\bin\VCRUNTIME140.dll
0x00007ff979e30000 - 0x00007ff979e47000 	C:\Program Files\Android\Android Studio1\jbr\bin\jli.dll
0x00007ff98c6d0000 - 0x00007ff98c87c000 	C:\Windows\System32\USER32.dll
0x00007ff98bd00000 - 0x00007ff98bd26000 	C:\Windows\System32\win32u.dll
0x00007ff979f60000 - 0x00007ff97a205000 	C:\Windows\WinSxS\amd64_microsoft.windows.common-controls_6595b64144ccf1df_6.0.22000.120_none_9d947278b86cc467\COMCTL32.dll
0x00007ff98e2b0000 - 0x00007ff98e2d9000 	C:\Windows\System32\GDI32.dll
0x00007ff98e4f0000 - 0x00007ff98e593000 	C:\Windows\System32\msvcrt.dll
0x00007ff98bf10000 - 0x00007ff98c022000 	C:\Windows\System32\gdi32full.dll
0x00007ff98bc60000 - 0x00007ff98bcfd000 	C:\Windows\System32\msvcp_win.dll
0x00007ff98cd60000 - 0x00007ff98cd91000 	C:\Windows\System32\IMM32.DLL
0x00007ff987970000 - 0x00007ff98797c000 	C:\Program Files\Android\Android Studio1\jbr\bin\vcruntime140_1.dll
0x00007ff94d000000 - 0x00007ff94d08d000 	C:\Program Files\Android\Android Studio1\jbr\bin\msvcp140.dll
0x00007ff8e79e0000 - 0x00007ff8e8663000 	C:\Program Files\Android\Android Studio1\jbr\bin\server\jvm.dll
0x00007ff98cc40000 - 0x00007ff98ccee000 	C:\Windows\System32\ADVAPI32.dll
0x00007ff98c610000 - 0x00007ff98c6ae000 	C:\Windows\System32\sechost.dll
0x00007ff98e2e0000 - 0x00007ff98e400000 	C:\Windows\System32\RPCRT4.dll
0x00007ff98bb30000 - 0x00007ff98bb7d000 	C:\Windows\SYSTEM32\POWRPROF.dll
0x00007ff977e50000 - 0x00007ff977e59000 	C:\Windows\SYSTEM32\WSOCK32.dll
0x00007ff98e240000 - 0x00007ff98e2af000 	C:\Windows\System32\WS2_32.dll
0x00007ff984330000 - 0x00007ff984363000 	C:\Windows\SYSTEM32\WINMM.dll
0x00007ff9821f0000 - 0x00007ff9821fa000 	C:\Windows\SYSTEM32\VERSION.dll
0x00007ff98bb10000 - 0x00007ff98bb23000 	C:\Windows\SYSTEM32\UMPDC.dll
0x00007ff98ad60000 - 0x00007ff98ad78000 	C:\Windows\SYSTEM32\kernel.appcore.dll
0x00007ff987940000 - 0x00007ff98794a000 	C:\Program Files\Android\Android Studio1\jbr\bin\jimage.dll
0x00007ff97f3a0000 - 0x00007ff97f5c1000 	C:\Windows\SYSTEM32\DBGHELP.DLL
0x00007ff97e890000 - 0x00007ff97e8c1000 	C:\Windows\SYSTEM32\dbgcore.DLL
0x00007ff98c150000 - 0x00007ff98c1cf000 	C:\Windows\System32\bcryptPrimitives.dll
0x00007ff96b850000 - 0x00007ff96b85e000 	C:\Program Files\Android\Android Studio1\jbr\bin\instrument.dll
0x00007ff94cfd0000 - 0x00007ff94cff5000 	C:\Program Files\Android\Android Studio1\jbr\bin\java.dll
0x00007ff971210000 - 0x00007ff971228000 	C:\Program Files\Android\Android Studio1\jbr\bin\zip.dll
0x00007ff98d3a0000 - 0x00007ff98db58000 	C:\Windows\System32\SHELL32.dll
0x00007ff989dd0000 - 0x00007ff98a637000 	C:\Windows\SYSTEM32\windows.storage.dll
0x00007ff98dec0000 - 0x00007ff98e239000 	C:\Windows\System32\combase.dll
0x00007ff989c60000 - 0x00007ff989dc6000 	C:\Windows\SYSTEM32\wintypes.dll
0x00007ff98e400000 - 0x00007ff98e4ea000 	C:\Windows\System32\SHCORE.dll
0x00007ff98cda0000 - 0x00007ff98cdfd000 	C:\Windows\System32\shlwapi.dll
0x00007ff98bb90000 - 0x00007ff98bbb1000 	C:\Windows\SYSTEM32\profapi.dll
0x00007ff951ea0000 - 0x00007ff951eb9000 	C:\Program Files\Android\Android Studio1\jbr\bin\net.dll
0x00007ff983c70000 - 0x00007ff983d7c000 	C:\Windows\SYSTEM32\WINHTTP.dll
0x00007ff98b190000 - 0x00007ff98b1f7000 	C:\Windows\system32\mswsock.dll
0x00007ff94ee30000 - 0x00007ff94ee46000 	C:\Program Files\Android\Android Studio1\jbr\bin\nio.dll
0x00007ff979e20000 - 0x00007ff979e30000 	C:\Program Files\Android\Android Studio1\jbr\bin\verify.dll
0x00007ff96b820000 - 0x00007ff96b847000 	C:\Users\88013\.gradle\native\68d5fa5c4cc2d200863cafc0d521ce42e7d3e7ee720ec0a83991735586a16f82\windows-amd64\native-platform.dll
0x00007ff946c80000 - 0x00007ff946dc4000 	C:\Users\88013\.gradle\native\e376f236ea51e6404a007f0833ffe2c6e607c4080706a723a18a27aeea778392\windows-amd64\native-platform-file-events.dll
0x00007ff971640000 - 0x00007ff971649000 	C:\Program Files\Android\Android Studio1\jbr\bin\management.dll
0x00007ff970030000 - 0x00007ff97003b000 	C:\Program Files\Android\Android Studio1\jbr\bin\management_ext.dll
0x00007ff98d330000 - 0x00007ff98d338000 	C:\Windows\System32\PSAPI.DLL
0x00007ff98b3e0000 - 0x00007ff98b3f8000 	C:\Windows\SYSTEM32\CRYPTSP.dll
0x00007ff98acc0000 - 0x00007ff98acf5000 	C:\Windows\system32\rsaenh.dll
0x00007ff98b280000 - 0x00007ff98b2a9000 	C:\Windows\SYSTEM32\USERENV.dll
0x00007ff98b550000 - 0x00007ff98b577000 	C:\Windows\SYSTEM32\bcrypt.dll
0x00007ff98b3d0000 - 0x00007ff98b3dc000 	C:\Windows\SYSTEM32\CRYPTBASE.dll
0x00007ff98a890000 - 0x00007ff98a8bd000 	C:\Windows\SYSTEM32\IPHLPAPI.DLL
0x00007ff98dc40000 - 0x00007ff98dc49000 	C:\Windows\System32\NSI.dll
0x00007ff984570000 - 0x00007ff984589000 	C:\Windows\SYSTEM32\dhcpcsvc6.DLL
0x00007ff984a10000 - 0x00007ff984a2e000 	C:\Windows\SYSTEM32\dhcpcsvc.DLL
0x00007ff98a8c0000 - 0x00007ff98a9a8000 	C:\Windows\SYSTEM32\DNSAPI.dll
0x00007ff8ee300000 - 0x00007ff8ee308000 	C:\Windows\system32\wshunix.dll

dbghelp: loaded successfully - version: 4.0.5 - missing functions: none
symbol engine: initialized successfully - sym options: 0x614 - pdb path: .;C:\Program Files\Android\Android Studio1\jbr\bin;C:\Windows\SYSTEM32;C:\Windows\WinSxS\amd64_microsoft.windows.common-controls_6595b64144ccf1df_6.0.22000.120_none_9d947278b86cc467;C:\Program Files\Android\Android Studio1\jbr\bin\server;C:\Users\88013\.gradle\native\68d5fa5c4cc2d200863cafc0d521ce42e7d3e7ee720ec0a83991735586a16f82\windows-amd64;C:\Users\88013\.gradle\native\e376f236ea51e6404a007f0833ffe2c6e607c4080706a723a18a27aeea778392\windows-amd64

VM Arguments:
jvm_args: --add-opens=java.base/java.util=ALL-UNNAMED --add-opens=java.base/java.lang=ALL-UNNAMED --add-opens=java.base/java.lang.invoke=ALL-UNNAMED --add-opens=java.prefs/java.util.prefs=ALL-UNNAMED --add-opens=java.base/java.nio.charset=ALL-UNNAMED --add-opens=java.base/java.net=ALL-UNNAMED --add-opens=java.base/java.util.concurrent.atomic=ALL-UNNAMED -Xmx4G -Dfile.encoding=windows-1252 -Duser.country=US -Duser.language=en -Duser.variant -javaagent:C:\Users\88013\.gradle\wrapper\dists\gradle-8.1.1-bin\9wiye5v2saajue4irfo8ybqfp\gradle-8.1.1\lib\agents\gradle-instrumentation-agent-8.1.1.jar 
java_command: org.gradle.launcher.daemon.bootstrap.GradleDaemon 8.1.1
java_class_path (initial): C:\Users\88013\.gradle\wrapper\dists\gradle-8.1.1-bin\9wiye5v2saajue4irfo8ybqfp\gradle-8.1.1\lib\gradle-launcher-8.1.1.jar
Launcher Type: SUN_STANDARD

[Global flags]
     intx CICompilerCount                          = 3                                         {product} {ergonomic}
     uint ConcGCThreads                            = 1                                         {product} {ergonomic}
     uint G1ConcRefinementThreads                  = 4                                         {product} {ergonomic}
   size_t G1HeapRegionSize                         = 2097152                                   {product} {ergonomic}
    uintx GCDrainStackTargetSize                   = 64                                        {product} {ergonomic}
   size_t InitialHeapSize                          = 100663296                                 {product} {ergonomic}
   size_t MarkStackSize                            = 4194304                                   {product} {ergonomic}
   size_t MaxHeapSize                              = 4294967296                                {product} {command line}
   size_t MaxNewSize                               = 2575302656                                {product} {ergonomic}
   size_t MinHeapDeltaBytes                        = 2097152                                   {product} {ergonomic}
   size_t MinHeapSize                              = 8388608                                   {product} {ergonomic}
    uintx NonNMethodCodeHeapSize                   = 5832780                                {pd product} {ergonomic}
    uintx NonProfiledCodeHeapSize                  = 122912730                              {pd product} {ergonomic}
    uintx ProfiledCodeHeapSize                     = 122912730                              {pd product} {ergonomic}
    uintx ReservedCodeCacheSize                    = 251658240                              {pd product} {ergonomic}
     bool SegmentedCodeCache                       = true                                      {product} {ergonomic}
   size_t SoftMaxHeapSize                          = 4294967296                             {manageable} {ergonomic}
     bool UseCompressedClassPointers               = true                           {product lp64_product} {ergonomic}
     bool UseCompressedOops                        = true                           {product lp64_product} {ergonomic}
     bool UseG1GC                                  = true                                      {product} {ergonomic}
     bool UseLargePagesIndividualAllocation        = false                                  {pd product} {ergonomic}

Logging:
Log output configuration:
 #0: stdout all=warning uptime,level,tags
 #1: stderr all=off uptime,level,tags

Environment Variables:
JAVA_HOME=C:\Program Files\Android\Android Studio1\jbr
CLASSPATH=C:\Users\88013\StudioProjects\intra_media\android\\gradle\wrapper\gradle-wrapper.jar
PATH=C:\Program Files\Android\Android Studio1\jbr\bin;C:\Python312\Scripts\;C:\Python312\;C:\Program Files\Common Files\Oracle\Java\javapath;C:\Python310\Scripts\;C:\Python310\;C:\Windows\system32;C:\Windows;C:\Windows\System32\Wbem;C:\Windows\System32\WindowsPowerShell\v1.0\;C:\Windows\System32\OpenSSH\;C:\Program Files\dotnet\;C:\MinGW\bin;C:\Program Files\Git\cmd;C:\Program Files\Java\jdk-21\bin;C:\Program Files (x86)\Windows Kits\8.1\Windows Performance Toolkit\;C:\Program Files\Microsoft SQL Server\110\Tools\Binn\;C:\Users\88013\AppData\Local\Android\Sdk\platform-tools;C:\Users\88013\AppData\Local\Android\Sdk\tools;C:\Users\88013\AppData\Local\Android\Sdk\tools\bin;C:\Program Files\nodejs\;C:\ProgramData\chocolatey\bin;C:\Users\88013\AppData\Local\Microsoft\WindowsApps;C:\Program Files\CodeBlocks\MinGW;C:\Users\88013\AppData\Local\Programs\Microsoft VS Code\bin;C:\Python310\Scripts;C:\Python310;C:\MinGW\bin;C:\Users\88013\AppData\Local\GitHubDesktop\bin;C:\flutter_windows_3.19.3-stable\flutter\bin;C:\Program Files\Android\Android Studio1\bin;C:\Users\88013\AppData\Local\Android\Sdk;C:\Users\88013\AppData\Local\Android\Sdk\emulator;C:\Users\88013\AppData\Roaming\npm;C:\Users\88013\AppData\Local\Pub\Cache\bin;;C:\flutter_windows_3.19.3-stable\flutter\bin\mingit\cmd;C:\flutter_windows_3.19.3-stable\flutter\bin\mingit\cmd
USERNAME=88013
OS=Windows_NT
PROCESSOR_IDENTIFIER=AMD64 Family 23 Model 24 Stepping 1, AuthenticAMD
TMP=C:\Users\88013\AppData\Local\Temp
TEMP=C:\Users\88013\AppData\Local\Temp



Periodic native trim disabled

JNI global refs:
JNI global refs: 27, weak refs: 1

JNI global refs memory usage: 843, weak refs: 841

OOME stack traces (most recent first):
Classloader memory used:
Loader org.gradle.internal.classloader.VisitableURLClassLoader                         : 4528K
Loader bootstrap                                                                       : 2843K
Loader org.gradle.initialization.MixInLegacyTypesClassLoader                           : 1318K
Loader org.gradle.internal.classloader.VisitableURLClassLoader$InstrumentingVisitableURLClassLoader: 1234K
Loader jdk.internal.loader.ClassLoaders$PlatformClassLoader                            : 65606B
Loader jdk.internal.loader.ClassLoaders$AppClassLoader                                 : 28458B
Loader jdk.internal.reflect.DelegatingClassLoader                                      : 26127B
Loader org.gradle.groovy.scripts.internal.DefaultScriptCompilationHandler$ScriptClassLoader: 15076B
Loader org.codehaus.groovy.runtime.callsite.CallSiteClassLoader                        : 4809B
Loader sun.reflect.misc.MethodUtil                                                     : 373B

Classes loaded by more than one classloader:
Class Program                                                                         : loaded 3 times (x 70B)
Class com.google.common.collect.UsingToStringOrdering                                 : loaded 2 times (x 112B)
Class com.google.common.collect.Iterators$MergingIterator                             : loaded 2 times (x 79B)
Class org.objectweb.asm.ModuleVisitor                                                 : loaded 2 times (x 78B)
Class [Lcom.google.common.collect.AbstractMapEntry;                                   : loaded 2 times (x 67B)
Class com.google.common.collect.SingletonImmutableList                                : loaded 2 times (x 167B)
Class com.google.common.cache.CacheLoader$SupplierToCacheLoader                       : loaded 2 times (x 73B)
Class org.gradle.internal.classpath.ClassPath                                         : loaded 2 times (x 68B)
Class com.google.common.cache.RemovalListener                                         : loaded 2 times (x 68B)
Class org.gradle.api.internal.classpath.DefaultModuleRegistry                         : loaded 2 times (x 84B)
Class com.google.common.collect.ImmutableEnumSet                                      : loaded 2 times (x 146B)
Class com.google.common.collect.ListMultimap                                          : loaded 2 times (x 68B)
Class com.google.common.base.CharMatcher$JavaDigit                                    : loaded 2 times (x 109B)
Class com.google.common.base.CharMatcher$Digit                                        : loaded 2 times (x 110B)
Class com.google.common.collect.AbstractMultimap                                      : loaded 2 times (x 121B)
Class com.google.common.cache.CacheBuilder$OneWeigher                                 : loaded 2 times (x 80B)
Class org.gradle.api.Action                                                           : loaded 2 times (x 68B)
Class com.google.common.collect.ImmutableEntry                                        : loaded 2 times (x 80B)
Class com.google.common.collect.Lists$StringAsImmutableList                           : loaded 2 times (x 167B)
Class com.google.common.cache.LocalCache$StrongEntry                                  : loaded 2 times (x 106B)
Class org.objectweb.asm.FieldWriter                                                   : loaded 2 times (x 75B)
Class com.google.common.base.CharMatcher                                              : loaded 2 times (x 109B)
Class com.google.common.base.CharMatcher$IsNot                                        : loaded 2 times (x 109B)
Class com.google.common.base.Splitter                                                 : loaded 2 times (x 70B)
Class [Lcom.google.common.cache.Weigher;                                              : loaded 2 times (x 67B)
Class com.google.common.collect.Iterators$ArrayItr                                    : loaded 2 times (x 95B)
Class com.google.common.cache.LocalCache$Segment                                      : loaded 2 times (x 152B)
Class org.gradle.api.internal.DefaultClassPathProvider                                : loaded 2 times (x 74B)
Class org.gradle.internal.installation.GradleInstallation$1                           : loaded 2 times (x 73B)
Class com.google.common.cache.LocalCache$AbstractReferenceEntry                       : loaded 2 times (x 105B)
Class org.objectweb.asm.Type                                                          : loaded 2 times (x 70B)
Class com.google.common.util.concurrent.AbstractFuture$Failure                        : loaded 2 times (x 70B)
Class com.google.common.base.CharMatcher$BitSetMatcher                                : loaded 2 times (x 110B)
Class com.google.common.collect.ImmutableMap$IteratorBasedImmutableMap                : loaded 2 times (x 123B)
Class com.google.common.collect.ImmutableMap                                          : loaded 2 times (x 118B)
Class com.google.common.base.Converter                                                : loaded 2 times (x 88B)
Class com.google.common.base.Equivalence                                              : loaded 2 times (x 80B)
Class com.google.common.cache.LocalCache$EntryFactory$1                               : loaded 2 times (x 81B)
Class com.google.common.primitives.Ints                                               : loaded 2 times (x 69B)
Class com.google.common.cache.LocalCache$EntryFactory$2                               : loaded 2 times (x 81B)
Class com.google.common.cache.LocalCache$EntryFactory$3                               : loaded 2 times (x 81B)
Class com.google.common.cache.LocalCache$EntryFactory$4                               : loaded 2 times (x 81B)
Class com.google.common.cache.LocalCache$EntryFactory$5                               : loaded 2 times (x 81B)
Class com.google.common.cache.LocalCache$EntryFactory$6                               : loaded 2 times (x 81B)
Class com.google.common.cache.LocalCache$EntryFactory$7                               : loaded 2 times (x 81B)
Class com.google.common.cache.LocalCache$EntryFactory$8                               : loaded 2 times (x 81B)
Class com.google.common.base.Predicate                                                : loaded 2 times (x 68B)
Class com.google.common.cache.LocalCache$StrongValueReference                         : loaded 2 times (x 88B)
Class org.gradle.internal.classloader.FilteringClassLoader                            : loaded 2 times (x 103B)
Class com.google.common.collect.RegularImmutableSet                                   : loaded 2 times (x 146B)
Class [Lcom.google.common.cache.LocalCache$Strength;                                  : loaded 2 times (x 67B)
Class org.gradle.internal.classpath.DefaultClassPath$ImmutableUniqueList$Builder      : loaded 2 times (x 73B)
Class com.google.common.collect.ExplicitOrdering                                      : loaded 2 times (x 113B)
Class com.google.common.collect.Maps$8                                                : loaded 2 times (x 80B)
Class com.google.common.base.PatternCompiler                                          : loaded 2 times (x 68B)
Class [Lcom.google.common.cache.CacheBuilder$NullListener;                            : loaded 2 times (x 67B)
Class com.google.common.base.CharMatcher$InRange                                      : loaded 2 times (x 109B)
Class com.google.common.collect.Sets$SetView                                          : loaded 2 times (x 136B)
Class com.google.common.collect.BiMap                                                 : loaded 2 times (x 68B)
Class com.google.common.collect.Lists                                                 : loaded 2 times (x 69B)
Class org.objectweb.asm.AnnotationWriter                                              : loaded 2 times (x 76B)
Class com.google.common.math.IntMath$1                                                : loaded 2 times (x 69B)
Class org.gradle.internal.classloader.ClassLoaderVisitor                              : loaded 2 times (x 74B)
Class org.objectweb.asm.Label                                                         : loaded 2 times (x 71B)
Class com.google.common.cache.CacheBuilder$NullListener                               : loaded 2 times (x 80B)
Class com.google.common.math.MathPreconditions                                        : loaded 2 times (x 69B)
Class org.gradle.internal.service.DefaultServiceLocator                               : loaded 2 times (x 81B)
Class org.gradle.internal.service.UnknownServiceException                             : loaded 2 times (x 81B)
Class com.google.common.util.concurrent.AbstractFuture$SynchronizedHelper             : loaded 2 times (x 74B)
Class com.google.common.collect.ArrayListMultimap                                     : loaded 2 times (x 170B)
Class com.google.common.base.Strings                                                  : loaded 2 times (x 69B)
Class com.google.common.cache.CacheLoader$InvalidCacheLoadException                   : loaded 2 times (x 80B)
Class org.gradle.internal.classloader.DefaultClassLoaderFactory                       : loaded 2 times (x 80B)
Class com.google.common.collect.UnmodifiableIterator                                  : loaded 2 times (x 78B)
Class com.google.common.base.Stopwatch                                                : loaded 2 times (x 70B)
Class com.google.common.base.Platform$JdkPatternCompiler                              : loaded 2 times (x 73B)
Class com.google.common.cache.LocalCache$LoadingValueReference                        : loaded 2 times (x 94B)
Class com.google.common.base.CharMatcher$SingleWidth                                  : loaded 2 times (x 110B)
Class com.google.common.collect.Hashing                                               : loaded 2 times (x 69B)
Class com.google.common.collect.NullsFirstOrdering                                    : loaded 2 times (x 113B)
Class com.google.common.collect.NaturalOrdering                                       : loaded 2 times (x 113B)
Class com.google.common.base.JdkPattern                                               : loaded 2 times (x 73B)
Class com.google.common.collect.ByFunctionOrdering                                    : loaded 2 times (x 113B)
Class com.google.common.collect.Multimap                                              : loaded 2 times (x 68B)
Class com.google.common.base.FunctionalEquivalence                                    : loaded 2 times (x 81B)
Class org.objectweb.asm.AnnotationVisitor                                             : loaded 2 times (x 75B)
Class org.objectweb.asm.RecordComponentWriter                                         : loaded 2 times (x 76B)
Class com.google.common.cache.LocalCache$1                                            : loaded 2 times (x 87B)
Class com.google.common.cache.LocalCache$2                                            : loaded 2 times (x 140B)
Class org.gradle.internal.classloader.VisitableURLClassLoader$Spec                    : loaded 2 times (x 72B)
Class org.gradle.api.GradleException                                                  : loaded 2 times (x 80B)
Class com.google.common.base.CharMatcher$JavaLetterOrDigit                            : loaded 2 times (x 109B)
Class org.gradle.api.internal.classpath.ModuleRegistry                                : loaded 2 times (x 68B)
Class com.google.common.collect.CompoundOrdering                                      : loaded 2 times (x 113B)
Class com.google.common.cache.CacheBuilder                                            : loaded 2 times (x 70B)
Class org.objectweb.asm.ByteVector                                                    : loaded 2 times (x 76B)
Class com.google.common.collect.ImmutableCollection                                   : loaded 2 times (x 123B)
Class settings_akm618yt0uud91233gnvnz5ib                                              : loaded 2 times (x 177B)
Class com.google.common.base.PairwiseEquivalence                                      : loaded 2 times (x 81B)
Class com.google.common.base.Ticker                                                   : loaded 2 times (x 70B)
Class org.gradle.api.internal.ClassPathProvider                                       : loaded 2 times (x 68B)
Class com.google.common.collect.RegularImmutableMap$Values                            : loaded 2 times (x 167B)
Class org.objectweb.asm.ModuleWriter                                                  : loaded 2 times (x 79B)
Class org.gradle.internal.classloader.ClasspathUtil$1                                 : loaded 2 times (x 74B)
Class com.google.common.collect.ImmutableEnumMap                                      : loaded 2 times (x 123B)
Class com.google.common.collect.ImmutableList$ReverseImmutableList                    : loaded 2 times (x 168B)
Class com.google.common.cache.AbstractCache$StatsCounter                              : loaded 2 times (x 68B)
Class org.objectweb.asm.FieldVisitor                                                  : loaded 2 times (x 74B)
Class org.objectweb.asm.Symbol                                                        : loaded 2 times (x 71B)
Class com.google.common.collect.Ordering                                              : loaded 2 times (x 112B)
Class com.google.common.cache.LocalCache$Strength$1                                   : loaded 2 times (x 79B)
Class com.google.common.cache.LocalCache$Strength$2                                   : loaded 2 times (x 79B)
Class com.google.common.cache.LocalCache$Strength$3                                   : loaded 2 times (x 79B)
Class org.gradle.internal.classloader.ClassLoaderFactory                              : loaded 2 times (x 68B)
Class com.google.common.collect.ObjectArrays                                          : loaded 2 times (x 69B)
Class com.google.common.util.concurrent.AbstractFuture$Waiter                         : loaded 2 times (x 70B)
Class com.google.common.util.concurrent.Uninterruptibles                              : loaded 2 times (x 69B)
Class com.google.common.collect.Iterators$10                                          : loaded 2 times (x 79B)
Class com.google.common.collect.ImmutableList                                         : loaded 2 times (x 166B)
Class org.gradle.api.internal.classpath.ManifestUtil                                  : loaded 2 times (x 69B)
Class org.gradle.api.specs.Spec                                                       : loaded 2 times (x 68B)
Class com.google.common.cache.CacheLoader$UnsupportedLoadingOperationException        : loaded 2 times (x 80B)
Class com.google.common.base.CharMatcher$Whitespace                                   : loaded 2 times (x 110B)
Class com.google.common.util.concurrent.ListenableFuture                              : loaded 2 times (x 68B)
Class com.google.common.collect.Iterators$1                                           : loaded 2 times (x 79B)
Class com.google.common.collect.Iterators$4                                           : loaded 2 times (x 80B)
Class com.google.common.collect.Iterators$5                                           : loaded 2 times (x 80B)
Class com.google.common.util.concurrent.AbstractFuture$UnsafeAtomicHelper             : loaded 2 times (x 74B)
Class com.google.common.base.Equivalence$Equals                                       : loaded 2 times (x 80B)
Class com.google.common.base.Preconditions                                            : loaded 2 times (x 69B)
Class com.google.common.base.Function                                                 : loaded 2 times (x 68B)
Class com.google.common.collect.Iterators$9                                           : loaded 2 times (x 79B)
Class org.gradle.internal.IoActions                                                   : loaded 2 times (x 69B)
Class com.google.common.collect.AllEqualOrdering                                      : loaded 2 times (x 112B)
Class com.google.common.collect.ComparatorOrdering                                    : loaded 2 times (x 113B)
Class com.google.common.cache.ReferenceEntry                                          : loaded 2 times (x 68B)
Class com.google.common.collect.RegularImmutableMap$KeySet                            : loaded 2 times (x 148B)
Class com.google.common.collect.CollectPreconditions                                  : loaded 2 times (x 69B)
Class com.google.common.primitives.IntsMethodsForWeb                                  : loaded 2 times (x 69B)
Class com.google.common.collect.LexicographicalOrdering                               : loaded 2 times (x 113B)
Class com.google.common.collect.Maps                                                  : loaded 2 times (x 69B)
Class com.google.common.collect.RegularImmutableMap                                   : loaded 2 times (x 119B)
Class com.google.common.collect.AbstractIndexedListIterator                           : loaded 2 times (x 94B)
Class com.google.common.base.CharMatcher$None                                         : loaded 2 times (x 110B)
Class org.gradle.api.internal.classpath.EffectiveClassPath                            : loaded 2 times (x 88B)
Class com.google.common.collect.UnmodifiableListIterator                              : loaded 2 times (x 93B)
Class com.google.common.cache.CacheLoader$FunctionToCacheLoader                       : loaded 2 times (x 73B)
Class com.google.common.cache.CacheBuilder$1                                          : loaded 2 times (x 83B)
Class com.google.common.cache.CacheBuilder$2                                          : loaded 2 times (x 77B)
Class com.google.common.collect.ImmutableList$1                                       : loaded 2 times (x 95B)
Class com.google.common.base.Splitter$Strategy                                        : loaded 2 times (x 68B)
Class com.google.common.cache.CacheBuilder$3                                          : loaded 2 times (x 70B)
Class com.google.common.collect.ImmutableMapEntrySet$RegularEntrySet                  : loaded 2 times (x 149B)
Class [Lcom.google.common.cache.RemovalListener;                                      : loaded 2 times (x 67B)
Class [Lcom.google.common.collect.ImmutableMapEntry;                                  : loaded 2 times (x 67B)
Class org.gradle.internal.installation.CurrentGradleInstallation                      : loaded 2 times (x 71B)
Class org.gradle.internal.agents.InstrumentingClassLoader                             : loaded 2 times (x 68B)
Class org.gradle.internal.installation.CurrentGradleInstallationLocator               : loaded 2 times (x 69B)
Class [Lcom.google.common.cache.LocalCache$Segment;                                   : loaded 2 times (x 67B)
Class org.gradle.api.internal.classpath.Module                                        : loaded 2 times (x 68B)
Class com.google.common.base.Splitter$1$1                                             : loaded 2 times (x 84B)
Class com.google.common.collect.ImmutableSet$JdkBackedSetBuilderImpl                  : loaded 2 times (x 74B)
Class com.google.common.collect.ImmutableSet$RegularSetBuilderImpl                    : loaded 2 times (x 75B)
Class [Lorg.objectweb.asm.AnnotationWriter;                                           : loaded 2 times (x 67B)
Class org.gradle.internal.service.CachingServiceLocator                               : loaded 2 times (x 80B)
Class [Lcom.google.common.collect.ImmutableEntry;                                     : loaded 2 times (x 67B)
Class org.gradle.internal.classpath.DefaultClassPath                                  : loaded 2 times (x 88B)
Class com.google.common.util.concurrent.AbstractFuture$SetFuture                      : loaded 2 times (x 73B)
Class com.google.common.base.Splitter$SplittingIterator                               : loaded 2 times (x 82B)
Class com.google.common.cache.LocalCache$LocalManualCache$1                           : loaded 2 times (x 73B)
Class Build_gradle$1                                                                  : loaded 2 times (x 72B)
Class org.objectweb.asm.SymbolTable$Entry                                             : loaded 2 times (x 72B)
Class [Lcom.google.common.cache.LocalCache$EntryFactory;                              : loaded 2 times (x 67B)
Class com.google.common.base.CharMatcher$Is                                           : loaded 2 times (x 109B)
Class com.google.common.base.Platform                                                 : loaded 2 times (x 69B)
Class com.google.common.collect.RegularImmutableAsList                                : loaded 2 times (x 176B)
Class com.google.common.collect.PeekingIterator                                       : loaded 2 times (x 68B)
Class com.google.common.collect.ImmutableMapEntrySet                                  : loaded 2 times (x 149B)
Class com.google.common.cache.CacheLoader                                             : loaded 2 times (x 72B)
Class com.google.common.collect.ImmutableBiMapFauxverideShim                          : loaded 2 times (x 118B)
Class org.objectweb.asm.MethodTooLargeException                                       : loaded 2 times (x 81B)
Class com.google.common.cache.Cache                                                   : loaded 2 times (x 68B)
Class org.gradle.internal.classloader.SystemClassLoaderSpec                           : loaded 2 times (x 69B)
Class com.google.common.util.concurrent.internal.InternalFutureFailureAccess          : loaded 2 times (x 70B)
Class com.google.common.base.Charsets                                                 : loaded 2 times (x 69B)
Class com.google.common.primitives.Ints$IntConverter                                  : loaded 2 times (x 88B)
Class com.google.common.collect.SingletonImmutableSet                                 : loaded 2 times (x 146B)
Class [Lcom.google.common.base.AbstractIterator$State;                                : loaded 2 times (x 67B)
Class com.google.common.collect.ImmutableMap$Builder                                  : loaded 2 times (x 78B)
Class com.google.common.base.AbstractIterator                                         : loaded 2 times (x 78B)
Class org.objectweb.asm.ClassWriter                                                   : loaded 2 times (x 102B)
Class com.google.common.base.AbstractIterator$1                                       : loaded 2 times (x 69B)
Class [Lcom.google.common.cache.CacheBuilder$OneWeigher;                              : loaded 2 times (x 67B)
Class com.google.common.collect.Iterators                                             : loaded 2 times (x 69B)
Class com.google.common.base.CharMatcher$1                                            : loaded 2 times (x 111B)
Class com.google.common.base.CharMatcher$Ascii                                        : loaded 2 times (x 110B)
Class org.gradle.api.UncheckedIOException                                             : loaded 2 times (x 80B)
Class com.google.common.base.CharMatcher$And                                          : loaded 2 times (x 110B)
Class com.google.common.collect.IndexedImmutableSet                                   : loaded 2 times (x 148B)
Class com.google.common.collect.IndexedImmutableSet$1                                 : loaded 2 times (x 172B)
Class com.google.common.collect.AbstractListMultimap                                  : loaded 2 times (x 170B)
Class com.google.common.base.CharMatcher$Any                                          : loaded 2 times (x 110B)
Class org.gradle.internal.installation.GradleInstallation                             : loaded 2 times (x 73B)
Class com.google.common.cache.LocalCache$Strength                                     : loaded 2 times (x 79B)
Class com.google.common.collect.ArrayListMultimapGwtSerializationDependencies         : loaded 2 times (x 170B)
Class com.google.common.base.CharMatcher$RangesMatcher                                : loaded 2 times (x 110B)
Class org.objectweb.asm.Handler                                                       : loaded 2 times (x 70B)
Class com.google.common.collect.ImmutableList$SubList                                 : loaded 2 times (x 168B)
Class com.google.common.cache.LocalCache$ValueReference                               : loaded 2 times (x 68B)
Class org.gradle.internal.classloader.ClasspathUtil                                   : loaded 2 times (x 69B)
Class org.objectweb.asm.CurrentFrame                                                  : loaded 2 times (x 71B)
Class com.google.common.util.concurrent.AbstractFuture                                : loaded 2 times (x 93B)
Class com.google.common.base.Splitter$1                                               : loaded 2 times (x 75B)
Class com.google.common.collect.ReverseOrdering                                       : loaded 2 times (x 113B)
Class com.google.common.base.Ticker$1                                                 : loaded 2 times (x 70B)
Class com.google.common.collect.Maps$BiMapConverter                                   : loaded 2 times (x 88B)
Class org.gradle.api.internal.DefaultClassPathRegistry                                : loaded 2 times (x 74B)
Class [Lorg.objectweb.asm.Symbol;                                                     : loaded 2 times (x 67B)
Class com.google.common.util.concurrent.AbstractFuture$Cancellation                   : loaded 2 times (x 70B)
Class com.google.common.collect.ImmutableSet$SetBuilderImpl                           : loaded 2 times (x 74B)
Class org.gradle.api.internal.classpath.DefaultModuleRegistry$DefaultModule           : loaded 2 times (x 84B)
Class com.google.common.base.CharMatcher$JavaIsoControl                               : loaded 2 times (x 110B)
Class com.google.common.collect.ImmutableMap$1                                        : loaded 2 times (x 79B)
Class com.google.common.base.CharMatcher$Or                                           : loaded 2 times (x 110B)
Class com.google.common.base.Suppliers$SupplierOfInstance                             : loaded 2 times (x 77B)
Class org.objectweb.asm.RecordComponentVisitor                                        : loaded 2 times (x 75B)
Class com.google.common.collect.Iterables                                             : loaded 2 times (x 69B)
Class com.google.common.base.CharMatcher$JavaLowerCase                                : loaded 2 times (x 109B)
Class org.objectweb.asm.ClassTooLargeException                                        : loaded 2 times (x 81B)
Class org.gradle.api.internal.classpath.UnknownModuleException                        : loaded 2 times (x 80B)
Class com.google.common.util.concurrent.AbstractFuture$Listener                       : loaded 2 times (x 70B)
Class org.objectweb.asm.Edge                                                          : loaded 2 times (x 70B)
Class com.google.common.collect.Maps$EntryTransformer                                 : loaded 2 times (x 68B)
Class com.google.common.collect.ImmutableCollection$Builder                           : loaded 2 times (x 74B)
Class [Lorg.objectweb.asm.SymbolTable$Entry;                                          : loaded 2 times (x 67B)
Class com.google.common.base.CommonPattern                                            : loaded 2 times (x 72B)
Class com.google.common.base.Suppliers                                                : loaded 2 times (x 69B)
Class org.objectweb.asm.ClassVisitor                                                  : loaded 2 times (x 85B)
Class com.google.common.cache.LoadingCache                                            : loaded 2 times (x 68B)
Class org.gradle.internal.service.ServiceLookupException                              : loaded 2 times (x 80B)
Class org.gradle.cache.GlobalCache                                                    : loaded 2 times (x 68B)
Class com.google.common.base.CharMatcher$NegatedFastMatcher                           : loaded 2 times (x 111B)
Class [Lorg.gradle.api.internal.ClassPathProvider;                                    : loaded 2 times (x 67B)
Class com.google.common.util.concurrent.AbstractFuture$SafeAtomicHelper               : loaded 2 times (x 75B)
Class org.gradle.util.internal.GUtil                                                  : loaded 2 times (x 69B)
Class com.google.common.math.IntMath                                                  : loaded 2 times (x 69B)
Class com.google.common.collect.AbstractIterator                                      : loaded 2 times (x 80B)
Class org.gradle.internal.classloader.ClassLoaderSpec                                 : loaded 2 times (x 69B)
Class org.objectweb.asm.Frame                                                         : loaded 2 times (x 71B)
Class com.google.common.cache.LocalCache$LocalManualCache                             : loaded 2 times (x 97B)
Class com.google.common.collect.AbstractMapEntry                                      : loaded 2 times (x 79B)
Class com.google.common.collect.ImmutableList$Builder                                 : loaded 2 times (x 75B)
Class com.google.common.base.CharMatcher$Negated                                      : loaded 2 times (x 111B)
Class com.google.common.cache.CacheLoader$1                                           : loaded 2 times (x 73B)
Class com.google.common.util.concurrent.AbstractFuture$TrustedFuture                  : loaded 2 times (x 95B)
Class com.google.common.collect.Sets                                                  : loaded 2 times (x 69B)
Class com.google.common.collect.ImmutableSet$Builder                                  : loaded 2 times (x 83B)
Class com.google.common.base.CharMatcher$ForPredicate                                 : loaded 2 times (x 110B)
Class com.google.common.collect.ImmutableMap$MapViewOfValuesAsSingletonSets           : loaded 2 times (x 123B)
Class com.google.common.base.MoreObjects                                              : loaded 2 times (x 69B)
Class com.google.common.collect.SortedMapDifference                                   : loaded 2 times (x 68B)
Class org.objectweb.asm.SymbolTable                                                   : loaded 2 times (x 70B)
Class [Lorg.objectweb.asm.AnnotationVisitor;                                          : loaded 2 times (x 67B)
Class com.google.common.cache.CacheStats                                              : loaded 2 times (x 69B)
Class org.objectweb.asm.Attribute                                                     : loaded 2 times (x 75B)
Class org.gradle.internal.classloader.VisitableURLClassLoader                         : loaded 2 times (x 115B)
Class com.google.common.cache.LocalCache$LocalLoadingCache                            : loaded 2 times (x 132B)
Class com.google.common.base.Supplier                                                 : loaded 2 times (x 68B)
Class com.google.common.util.concurrent.AbstractFuture$AtomicHelper                   : loaded 2 times (x 74B)
Class com.google.common.collect.ImmutableBiMap                                        : loaded 2 times (x 142B)
Class org.gradle.internal.Cast                                                        : loaded 2 times (x 69B)
Class Build_gradle                                                                    : loaded 2 times (x 128B)
Class org.gradle.api.internal.ClassPathRegistry                                       : loaded 2 times (x 68B)
Class com.google.common.cache.LocalCache$EntryFactory                                 : loaded 2 times (x 81B)
Class com.google.common.util.concurrent.UncheckedExecutionException                   : loaded 2 times (x 80B)
Class com.google.common.collect.ImmutableSet                                          : loaded 2 times (x 145B)
Class org.gradle.internal.classloader.VisitableURLClassLoader$InstrumentingVisitableURLClassLoader: loaded 2 times (x 121B)
Class org.gradle.internal.classloader.ClassLoaderHierarchy                            : loaded 2 times (x 68B)
Class [Lorg.objectweb.asm.Type;                                                       : loaded 2 times (x 67B)
Class com.google.common.base.AbstractIterator$State                                   : loaded 2 times (x 77B)
Class com.google.common.cache.Weigher                                                 : loaded 2 times (x 68B)
Class com.google.common.base.CharMatcher$NamedFastMatcher                             : loaded 2 times (x 110B)
Class org.gradle.internal.InternalTransformer                                         : loaded 2 times (x 68B)
Class org.gradle.internal.service.ServiceLocator                                      : loaded 2 times (x 68B)
Class com.google.common.util.concurrent.SettableFuture                                : loaded 2 times (x 95B)
Class com.google.common.collect.ImmutableMapEntry                                     : loaded 2 times (x 83B)
Class com.google.common.base.CharMatcher$Invisible                                    : loaded 2 times (x 110B)
Class com.google.common.base.CharMatcher$FastMatcher                                  : loaded 2 times (x 109B)
Class org.gradle.internal.classpath.DefaultClassPath$ImmutableUniqueList              : loaded 2 times (x 159B)
Class com.google.common.base.CharMatcher$JavaLetter                                   : loaded 2 times (x 109B)
Class org.gradle.internal.classpath.TransformedClassPath                              : loaded 2 times (x 94B)
Class com.google.common.collect.MapDifference                                         : loaded 2 times (x 68B)
Class com.google.common.collect.Sets$1                                                : loaded 2 times (x 137B)
Class com.google.common.collect.Sets$2                                                : loaded 2 times (x 137B)
Class com.google.common.util.concurrent.AbstractFuture$Trusted                        : loaded 2 times (x 68B)
Class com.google.common.collect.Sets$3                                                : loaded 2 times (x 137B)
Class com.google.common.collect.Sets$4                                                : loaded 2 times (x 137B)
Class org.objectweb.asm.MethodWriter                                                  : loaded 2 times (x 103B)
Class com.google.common.collect.Platform                                              : loaded 2 times (x 69B)
Class com.google.common.collect.ImmutableAsList                                       : loaded 2 times (x 169B)
Class com.google.common.util.concurrent.ExecutionError                                : loaded 2 times (x 80B)
Class com.google.common.base.Equivalence$Identity                                     : loaded 2 times (x 80B)
Class com.google.common.base.CharMatcher$AnyOf                                        : loaded 2 times (x 110B)
Class com.google.common.base.CharMatcher$IsEither                                     : loaded 2 times (x 109B)
Class com.google.common.cache.LocalCache                                              : loaded 2 times (x 185B)
Class com.google.common.collect.RegularImmutableList                                  : loaded 2 times (x 172B)
Class com.google.common.util.concurrent.AbstractFuture$UnsafeAtomicHelper$1           : loaded 2 times (x 74B)
Class com.google.common.base.CharMatcher$JavaUpperCase                                : loaded 2 times (x 109B)
Class com.google.common.collect.Multiset                                              : loaded 2 times (x 68B)
Class org.objectweb.asm.MethodVisitor                                                 : loaded 2 times (x 102B)
Class com.google.common.collect.NullsLastOrdering                                     : loaded 2 times (x 113B)
Class com.google.common.collect.ImmutableMapEntry$NonTerminalImmutableMapEntry        : loaded 2 times (x 83B)
Class com.google.common.collect.AbstractMapBasedMultimap                              : loaded 2 times (x 137B)


---------------  S Y S T E M  ---------------

OS:
 Windows 11 , 64 bit Build 22000 (10.0.22000.708)
OS uptime: 0 days 11:22 hours

CPU: total 4 (initial active 4) (4 cores per cpu, 2 threads per core) family 23 model 24 stepping 1 microcode 0x0, cx8, cmov, fxsr, ht, mmx, 3dnowpref, sse, sse2, sse3, ssse3, sse4a, sse4.1, sse4.2, popcnt, lzcnt, tsc, tscinvbit, avx, avx2, aes, clmul, bmi1, bmi2, adx, sha, fma, vzeroupper, clflush, clflushopt
Processor Information for all 4 processors :
  Max Mhz: 2600, Current Mhz: 1700, Mhz Limit: 2600

Memory: 4k page, system-wide physical 6030M (523M free)
TotalPageFile size 13262M (AvailPageFile size 20M)
current process WorkingSet (physical memory assigned to process): 348M, peak: 348M
current process commit charge ("private bytes"): 376M, peak: 385M

vm_info: OpenJDK 64-Bit Server VM (17.0.9+0--11185874) for windows-amd64 JRE (17.0.9+0--11185874), built on Dec  6 2023 18:57:44 by "androidbuild" with MS VC++ 16.10 / 16.11 (VS2019)

END.
