#
# There is insufficient memory for the Java Runtime Environment to continue.
# Native memory allocation (mmap) failed to map 100663296 bytes for G1 virtual space
# Possible reasons:
#   The system is out of physical RAM or swap space
#   The process is running with CompressedOops enabled, and the Java Heap may be blocking the growth of the native heap
# Possible solutions:
#   Reduce memory load on the system
#   Increase physical memory or swap space
#   Check if swap backing store is full
#   Decrease Java heap size (-Xmx/-Xms)
#   Decrease number of Java threads
#   Decrease Java thread stack sizes (-Xss)
#   Set larger code cache with -XX:ReservedCodeCacheSize=
#   JVM is running with Unscaled Compressed Oops mode in which the Java heap is
#     placed in the first 4GB address space. The Java Heap base address is the
#     maximum limit for the native heap growth. Please use -XX:HeapBaseMinAddress
#     to set the Java Heap base and to place the Java Heap above 4GB virtual address.
# This output file may be truncated or incomplete.
#
#  Out of Memory Error (os_windows.cpp:3825), pid=18312, tid=7900
#
# JRE version:  (17.0.9) (build )
# Java VM: OpenJDK 64-Bit Server VM (17.0.9+0--11185874, mixed mode, sharing, tiered, compressed oops, compressed class ptrs, g1 gc, windows-amd64)
# No core dump will be written. Minidumps are not enabled by default on client versions of Windows
#

---------------  S U M M A R Y ------------

Command Line: -Dorg.gradle.appname=gradlew org.gradle.wrapper.GradleWrapperMain -q -Ptarget-platform=android-arm64 -Ptarget=C:\Users\88013\StudioProjects\intra_media\lib\main.dart -Pbase-application-name=android.app.Application -Pdart-defines=RkxVVFRFUl9XRUJfQ0FOVkFTS0lUX1VSTD1odHRwczovL3d3dy5nc3RhdGljLmNvbS9mbHV0dGVyLWNhbnZhc2tpdC9lZGQ4NTQ2MTE2NDU3YmRmMWM1YmRmYjEzZWNiOTQ2M2QyYmI1ZWQ0Lw== -Pdart-obfuscation=false -Ptrack-widget-creation=true -Ptree-shake-icons=false -Pfilesystem-scheme=org-dartlang-root assembleDebug

Host: AMD Ryzen 3 3250U with Radeon Graphics         , 4 cores, 5G,  Windows 11 , 64 bit Build 22000 (10.0.22000.708)
Time: Tue Jun 25 07:32:42 2024 Bangladesh Standard Time elapsed time: 0.043662 seconds (0d 0h 0m 0s)

---------------  T H R E A D  ---------------

Current thread (0x0000020baad8d840):  JavaThread "Unknown thread" [_thread_in_vm, id=7900, stack(0x0000007575d00000,0x0000007575e00000)]

Stack: [0x0000007575d00000,0x0000007575e00000]
Native frames: (J=compiled Java code, j=interpreted, Vv=VM code, C=native code)
V  [jvm.dll+0x6886e9]
V  [jvm.dll+0x841e4a]
V  [jvm.dll+0x843a8e]
V  [jvm.dll+0x8440f3]
V  [jvm.dll+0x24c14f]
V  [jvm.dll+0x685499]
V  [jvm.dll+0x679c2a]
V  [jvm.dll+0x30cf9b]
V  [jvm.dll+0x314446]
V  [jvm.dll+0x36425e]
V  [jvm.dll+0x36448f]
V  [jvm.dll+0x2e2d68]
V  [jvm.dll+0x2e3cd4]
V  [jvm.dll+0x8129f1]
V  [jvm.dll+0x3720c1]
V  [jvm.dll+0x7f152c]
V  [jvm.dll+0x3f5d4f]
V  [jvm.dll+0x3f7981]
C  [jli.dll+0x528f]
C  [ucrtbase.dll+0x26c0c]
C  [KERNEL32.DLL+0x154e0]
C  [ntdll.dll+0x485b]


---------------  P R O C E S S  ---------------

Threads class SMR info:
_java_thread_list=0x00007ff8e851ef18, length=0, elements={
}

Java Threads: ( => current thread )

Other Threads:
  0x0000020baadd68d0 GCTaskThread "GC Thread#0" [stack: 0x0000007575e00000,0x0000007575f00000] [id=16472]
  0x0000020baade34a0 ConcurrentGCThread "G1 Main Marker" [stack: 0x0000007575f00000,0x0000007576000000] [id=20076]
  0x0000020baade3ec0 ConcurrentGCThread "G1 Conc#0" [stack: 0x0000000000000000,0x0000000000000000] [id=17068]

[error occurred during error reporting (printing all threads), id 0xc0000005, EXCEPTION_ACCESS_VIOLATION (0xc0000005) at pc=0x00007ff8e7cd3937]

VM state: not at safepoint (not fully initialized)

VM Mutex/Monitor currently owned by a thread:  ([mutex/lock_event])
[0x0000020baad895b0] Heap_lock - owner thread: 0x0000020baad8d840

Heap address: 0x00000000a1c00000, size: 1508 MB, Compressed Oops mode: 32-bit

CDS archive(s) mapped at: [0x0000000000000000-0x0000000000000000-0x0000000000000000), size 0, SharedBaseAddress: 0x0000000800000000, ArchiveRelocationMode: 1.
Narrow klass base: 0x0000000000000000, Narrow klass shift: 0, Narrow klass range: 0x0

GC Precious Log:
<Empty>

Heap:
 garbage-first heap   total 0K, used 0K [0x00000000a1c00000, 0x0000000100000000)
  region size 1024K, 0 young (0K), 0 survivors (0K)
 Metaspace       used 0K, committed 0K, reserved 0K
  class space    used 0K, committed 0K, reserved 0K

Heap Regions: E=young(eden), S=young(survivor), O=old, HS=humongous(starts), HC=humongous(continues), CS=collection set, F=free, OA=open archive, CA=closed archive, TAMS=top-at-mark-start (previous, next)

Card table byte_map: [0x0000020bbd570000,0x0000020bbd870000] _byte_map_base: 0x0000020bbd062000

Marking Bits (Prev, Next): (CMBitMap*) 0x0000020baadd6ef0, (CMBitMap*) 0x0000020baadd6f30
 Prev Bits: [0x0000020bbdb70000, 0x0000020bbf300000)
 Next Bits: [0x0000020bbf300000, 0x0000020bc0a90000)

GC Heap History (0 events):
No events

Dll operation events (1 events):
Event: 0.028 Loaded shared library C:\Program Files\Android\Android Studio1\jbr\bin\java.dll

Deoptimization events (0 events):
No events

Classes unloaded (0 events):
No events

Classes redefined (0 events):
No events

Internal exceptions (0 events):
No events

VM Operations (0 events):
No events

Events (0 events):
No events


Dynamic libraries:
0x00007ff7057f0000 - 0x00007ff7057fa000 	C:\Program Files\Android\Android Studio1\jbr\bin\java.exe
0x00007ff98e780000 - 0x00007ff98e989000 	C:\Windows\SYSTEM32\ntdll.dll
0x00007ff98d270000 - 0x00007ff98d32d000 	C:\Windows\System32\KERNEL32.DLL
0x00007ff98c290000 - 0x00007ff98c609000 	C:\Windows\System32\KERNELBASE.dll
0x00007ff98c030000 - 0x00007ff98c141000 	C:\Windows\System32\ucrtbase.dll
0x00007ff951ea0000 - 0x00007ff951eb7000 	C:\Program Files\Android\Android Studio1\jbr\bin\jli.dll
0x00007ff94ee30000 - 0x00007ff94ee4b000 	C:\Program Files\Android\Android Studio1\jbr\bin\VCRUNTIME140.dll
0x00007ff98c6d0000 - 0x00007ff98c87c000 	C:\Windows\System32\USER32.dll
0x00007ff98bd00000 - 0x00007ff98bd26000 	C:\Windows\System32\win32u.dll
0x00007ff98e2b0000 - 0x00007ff98e2d9000 	C:\Windows\System32\GDI32.dll
0x00007ff98bf10000 - 0x00007ff98c022000 	C:\Windows\System32\gdi32full.dll
0x00007ff98bc60000 - 0x00007ff98bcfd000 	C:\Windows\System32\msvcp_win.dll
0x00007ff979f60000 - 0x00007ff97a205000 	C:\Windows\WinSxS\amd64_microsoft.windows.common-controls_6595b64144ccf1df_6.0.22000.120_none_9d947278b86cc467\COMCTL32.dll
0x00007ff98e4f0000 - 0x00007ff98e593000 	C:\Windows\System32\msvcrt.dll
0x00007ff98cd60000 - 0x00007ff98cd91000 	C:\Windows\System32\IMM32.DLL
0x00007ff9701c0000 - 0x00007ff9701cc000 	C:\Program Files\Android\Android Studio1\jbr\bin\vcruntime140_1.dll
0x00007ff942820000 - 0x00007ff9428ad000 	C:\Program Files\Android\Android Studio1\jbr\bin\msvcp140.dll
0x00007ff8e79e0000 - 0x00007ff8e8663000 	C:\Program Files\Android\Android Studio1\jbr\bin\server\jvm.dll
0x00007ff98cc40000 - 0x00007ff98ccee000 	C:\Windows\System32\ADVAPI32.dll
0x00007ff98c610000 - 0x00007ff98c6ae000 	C:\Windows\System32\sechost.dll
0x00007ff98e2e0000 - 0x00007ff98e400000 	C:\Windows\System32\RPCRT4.dll
0x00007ff98bb30000 - 0x00007ff98bb7d000 	C:\Windows\SYSTEM32\POWRPROF.dll
0x00007ff977e50000 - 0x00007ff977e59000 	C:\Windows\SYSTEM32\WSOCK32.dll
0x00007ff98e240000 - 0x00007ff98e2af000 	C:\Windows\System32\WS2_32.dll
0x00007ff984330000 - 0x00007ff984363000 	C:\Windows\SYSTEM32\WINMM.dll
0x00007ff9821f0000 - 0x00007ff9821fa000 	C:\Windows\SYSTEM32\VERSION.dll
0x00007ff98bb10000 - 0x00007ff98bb23000 	C:\Windows\SYSTEM32\UMPDC.dll
0x00007ff98ad60000 - 0x00007ff98ad78000 	C:\Windows\SYSTEM32\kernel.appcore.dll
0x00007ff9700d0000 - 0x00007ff9700da000 	C:\Program Files\Android\Android Studio1\jbr\bin\jimage.dll
0x00007ff97f3a0000 - 0x00007ff97f5c1000 	C:\Windows\SYSTEM32\DBGHELP.DLL
0x00007ff97e890000 - 0x00007ff97e8c1000 	C:\Windows\SYSTEM32\dbgcore.DLL
0x00007ff98c150000 - 0x00007ff98c1cf000 	C:\Windows\System32\bcryptPrimitives.dll
0x00007ff9475b0000 - 0x00007ff9475d5000 	C:\Program Files\Android\Android Studio1\jbr\bin\java.dll

dbghelp: loaded successfully - version: 4.0.5 - missing functions: none
symbol engine: initialized successfully - sym options: 0x614 - pdb path: .;C:\Program Files\Android\Android Studio1\jbr\bin;C:\Windows\SYSTEM32;C:\Windows\WinSxS\amd64_microsoft.windows.common-controls_6595b64144ccf1df_6.0.22000.120_none_9d947278b86cc467;C:\Program Files\Android\Android Studio1\jbr\bin\server

VM Arguments:
jvm_args: -Dorg.gradle.appname=gradlew 
java_command: org.gradle.wrapper.GradleWrapperMain -q -Ptarget-platform=android-arm64 -Ptarget=C:\Users\88013\StudioProjects\intra_media\lib\main.dart -Pbase-application-name=android.app.Application -Pdart-defines=RkxVVFRFUl9XRUJfQ0FOVkFTS0lUX1VSTD1odHRwczovL3d3dy5nc3RhdGljLmNvbS9mbHV0dGVyLWNhbnZhc2tpdC9lZGQ4NTQ2MTE2NDU3YmRmMWM1YmRmYjEzZWNiOTQ2M2QyYmI1ZWQ0Lw== -Pdart-obfuscation=false -Ptrack-widget-creation=true -Ptree-shake-icons=false -Pfilesystem-scheme=org-dartlang-root assembleDebug
java_class_path (initial): C:\Users\88013\StudioProjects\intra_media\android\\gradle\wrapper\gradle-wrapper.jar
Launcher Type: SUN_STANDARD

[Global flags]
     intx CICompilerCount                          = 3                                         {product} {ergonomic}
     uint ConcGCThreads                            = 1                                         {product} {ergonomic}
     uint G1ConcRefinementThreads                  = 4                                         {product} {ergonomic}
   size_t G1HeapRegionSize                         = 1048576                                   {product} {ergonomic}
    uintx GCDrainStackTargetSize                   = 64                                        {product} {ergonomic}
   size_t InitialHeapSize                          = 100663296                                 {product} {ergonomic}
   size_t MarkStackSize                            = 4194304                                   {product} {ergonomic}
   size_t MaxHeapSize                              = 1581252608                                {product} {ergonomic}
   size_t MinHeapDeltaBytes                        = 1048576                                   {product} {ergonomic}
   size_t MinHeapSize                              = 8388608                                   {product} {ergonomic}
    uintx NonNMethodCodeHeapSize                   = 5832780                                {pd product} {ergonomic}
    uintx NonProfiledCodeHeapSize                  = 122912730                              {pd product} {ergonomic}
    uintx ProfiledCodeHeapSize                     = 122912730                              {pd product} {ergonomic}
    uintx ReservedCodeCacheSize                    = 251658240                              {pd product} {ergonomic}
     bool SegmentedCodeCache                       = true                                      {product} {ergonomic}
   size_t SoftMaxHeapSize                          = 1581252608                             {manageable} {ergonomic}
     bool UseCompressedClassPointers               = true                           {product lp64_product} {ergonomic}
     bool UseCompressedOops                        = true                           {product lp64_product} {ergonomic}
     bool UseG1GC                                  = true                                      {product} {ergonomic}
     bool UseLargePagesIndividualAllocation        = false                                  {pd product} {ergonomic}

Logging:
Log output configuration:
 #0: stdout all=warning uptime,level,tags
 #1: stderr all=off uptime,level,tags

Environment Variables:
JAVA_HOME=C:\Program Files\Android\Android Studio1\jbr
CLASSPATH=C:\Users\88013\StudioProjects\intra_media\android\\gradle\wrapper\gradle-wrapper.jar
PATH=C:\Program Files\Android\Android Studio1\jbr\bin;C:\Python312\Scripts\;C:\Python312\;C:\Program Files\Common Files\Oracle\Java\javapath;C:\Python310\Scripts\;C:\Python310\;C:\Windows\system32;C:\Windows;C:\Windows\System32\Wbem;C:\Windows\System32\WindowsPowerShell\v1.0\;C:\Windows\System32\OpenSSH\;C:\Program Files\dotnet\;C:\MinGW\bin;C:\Program Files\Git\cmd;C:\Program Files\Java\jdk-21\bin;C:\Program Files (x86)\Windows Kits\8.1\Windows Performance Toolkit\;C:\Program Files\Microsoft SQL Server\110\Tools\Binn\;C:\Users\88013\AppData\Local\Android\Sdk\platform-tools;C:\Users\88013\AppData\Local\Android\Sdk\tools;C:\Users\88013\AppData\Local\Android\Sdk\tools\bin;C:\Program Files\nodejs\;C:\ProgramData\chocolatey\bin;C:\Users\88013\AppData\Local\Microsoft\WindowsApps;C:\Program Files\CodeBlocks\MinGW;C:\Users\88013\AppData\Local\Programs\Microsoft VS Code\bin;C:\Python310\Scripts;C:\Python310;C:\MinGW\bin;C:\Users\88013\AppData\Local\GitHubDesktop\bin;C:\flutter_windows_3.19.3-stable\flutter\bin;C:\Program Files\Android\Android Studio1\bin;C:\Users\88013\AppData\Local\Android\Sdk;C:\Users\88013\AppData\Local\Android\Sdk\emulator;C:\Users\88013\AppData\Roaming\npm;C:\Users\88013\AppData\Local\Pub\Cache\bin;;C:\flutter_windows_3.19.3-stable\flutter\bin\mingit\cmd;C:\flutter_windows_3.19.3-stable\flutter\bin\mingit\cmd
USERNAME=88013
OS=Windows_NT
PROCESSOR_IDENTIFIER=AMD64 Family 23 Model 24 Stepping 1, AuthenticAMD
TMP=C:\Users\88013\AppData\Local\Temp
TEMP=C:\Users\88013\AppData\Local\Temp



Periodic native trim disabled

JNI global refs:
JNI global refs: 0, weak refs: 0

JNI global refs memory usage: 0, weak refs: 0

OOME stack traces (most recent first):
Classloader memory used:


---------------  S Y S T E M  ---------------

OS:
 Windows 11 , 64 bit Build 22000 (10.0.22000.708)
OS uptime: 0 days 11:06 hours

CPU: total 4 (initial active 4) (4 cores per cpu, 2 threads per core) family 23 model 24 stepping 1 microcode 0x0, cx8, cmov, fxsr, ht, mmx, 3dnowpref, sse, sse2, sse3, ssse3, sse4a, sse4.1, sse4.2, popcnt, lzcnt, tsc, tscinvbit, avx, avx2, aes, clmul, bmi1, bmi2, adx, sha, fma, vzeroupper, clflush, clflushopt
Processor Information for all 4 processors :
  Max Mhz: 2600, Current Mhz: 1700, Mhz Limit: 2600

Memory: 4k page, system-wide physical 6030M (334M free)
TotalPageFile size 13262M (AvailPageFile size 73M)
current process WorkingSet (physical memory assigned to process): 10M, peak: 10M
current process commit charge ("private bytes"): 51M, peak: 147M

vm_info: OpenJDK 64-Bit Server VM (17.0.9+0--11185874) for windows-amd64 JRE (17.0.9+0--11185874), built on Dec  6 2023 18:57:44 by "androidbuild" with MS VC++ 16.10 / 16.11 (VS2019)

END.
